{"D:\\Dev\\JavaScript\\typescript\\projetos\\nebula\\backend\\src\\application\\services\\Cryptography\\password-cryptography.ts": {"path":"D:\\Dev\\JavaScript\\typescript\\projetos\\nebula\\backend\\src\\application\\services\\Cryptography\\password-cryptography.ts","all":false,"statementMap":{"0":{"start":{"line":1,"column":0},"end":{"line":1,"column":39}},"1":{"start":{"line":2,"column":0},"end":{"line":2,"column":81}},"2":{"start":{"line":3,"column":0},"end":{"line":3,"column":0}},"3":{"start":{"line":4,"column":0},"end":{"line":4,"column":69}},"4":{"start":{"line":5,"column":0},"end":{"line":5,"column":53}},"5":{"start":{"line":6,"column":0},"end":{"line":6,"column":39}},"6":{"start":{"line":7,"column":0},"end":{"line":7,"column":6}},"7":{"start":{"line":8,"column":0},"end":{"line":8,"column":0}},"8":{"start":{"line":9,"column":0},"end":{"line":9,"column":86}},"9":{"start":{"line":10,"column":0},"end":{"line":10,"column":62}},"10":{"start":{"line":11,"column":0},"end":{"line":11,"column":6}},"11":{"start":{"line":12,"column":0},"end":{"line":12,"column":2}}},"s":{"0":1,"1":1,"2":1,"3":1,"4":1,"5":1,"6":1,"7":1,"8":1,"9":0,"10":0,"11":1},"branchMap":{"0":{"type":"branch","line":5,"loc":{"start":{"line":5,"column":10},"end":{"line":7,"column":6}},"locations":[{"start":{"line":5,"column":10},"end":{"line":7,"column":6}}]}},"b":{"0":[1]},"fnMap":{"0":{"name":"crypt","decl":{"start":{"line":5,"column":10},"end":{"line":7,"column":6}},"loc":{"start":{"line":5,"column":10},"end":{"line":7,"column":6}},"line":5},"1":{"name":"compare","decl":{"start":{"line":9,"column":10},"end":{"line":11,"column":6}},"loc":{"start":{"line":9,"column":10},"end":{"line":11,"column":6}},"line":9}},"f":{"0":1,"1":0}}
,"D:\\Dev\\JavaScript\\typescript\\projetos\\nebula\\backend\\src\\application\\useCases\\Answer\\CreateAnswer\\create-answer-service.ts": {"path":"D:\\Dev\\JavaScript\\typescript\\projetos\\nebula\\backend\\src\\application\\useCases\\Answer\\CreateAnswer\\create-answer-service.ts","all":false,"statementMap":{"0":{"start":{"line":1,"column":0},"end":{"line":1,"column":83}},"1":{"start":{"line":2,"column":0},"end":{"line":2,"column":89}},"2":{"start":{"line":3,"column":0},"end":{"line":3,"column":87}},"3":{"start":{"line":4,"column":0},"end":{"line":4,"column":83}},"4":{"start":{"line":5,"column":0},"end":{"line":5,"column":49}},"5":{"start":{"line":6,"column":0},"end":{"line":6,"column":73}},"6":{"start":{"line":7,"column":0},"end":{"line":7,"column":0}},"7":{"start":{"line":8,"column":0},"end":{"line":8,"column":32}},"8":{"start":{"line":9,"column":0},"end":{"line":9,"column":17}},"9":{"start":{"line":10,"column":0},"end":{"line":10,"column":20}},"10":{"start":{"line":11,"column":0},"end":{"line":11,"column":23}},"11":{"start":{"line":12,"column":0},"end":{"line":12,"column":2}},"12":{"start":{"line":13,"column":0},"end":{"line":13,"column":0}},"13":{"start":{"line":14,"column":0},"end":{"line":14,"column":0}},"14":{"start":{"line":15,"column":0},"end":{"line":15,"column":34}},"15":{"start":{"line":16,"column":0},"end":{"line":16,"column":16}},"16":{"start":{"line":17,"column":0},"end":{"line":17,"column":64}},"17":{"start":{"line":18,"column":0},"end":{"line":18,"column":56}},"18":{"start":{"line":19,"column":0},"end":{"line":19,"column":52}},"19":{"start":{"line":20,"column":0},"end":{"line":20,"column":45}},"20":{"start":{"line":21,"column":0},"end":{"line":21,"column":8}},"21":{"start":{"line":22,"column":0},"end":{"line":22,"column":0}},"22":{"start":{"line":23,"column":0},"end":{"line":23,"column":100}},"23":{"start":{"line":24,"column":0},"end":{"line":24,"column":0}},"24":{"start":{"line":25,"column":0},"end":{"line":25,"column":79}},"25":{"start":{"line":26,"column":0},"end":{"line":26,"column":0}},"26":{"start":{"line":27,"column":0},"end":{"line":27,"column":34}},"27":{"start":{"line":28,"column":0},"end":{"line":28,"column":58}},"28":{"start":{"line":29,"column":0},"end":{"line":29,"column":10}},"29":{"start":{"line":30,"column":0},"end":{"line":30,"column":0}},"30":{"start":{"line":31,"column":0},"end":{"line":31,"column":84}},"31":{"start":{"line":32,"column":0},"end":{"line":32,"column":0}},"32":{"start":{"line":33,"column":0},"end":{"line":33,"column":38}},"33":{"start":{"line":34,"column":0},"end":{"line":34,"column":62}},"34":{"start":{"line":35,"column":0},"end":{"line":35,"column":10}},"35":{"start":{"line":36,"column":0},"end":{"line":36,"column":0}},"36":{"start":{"line":37,"column":0},"end":{"line":37,"column":107}},"37":{"start":{"line":38,"column":0},"end":{"line":38,"column":0}},"38":{"start":{"line":39,"column":0},"end":{"line":39,"column":30}},"39":{"start":{"line":40,"column":0},"end":{"line":40,"column":0}},"40":{"start":{"line":41,"column":0},"end":{"line":41,"column":75}},"41":{"start":{"line":42,"column":0},"end":{"line":42,"column":0}},"42":{"start":{"line":43,"column":0},"end":{"line":43,"column":38}},"43":{"start":{"line":44,"column":0},"end":{"line":44,"column":63}},"44":{"start":{"line":45,"column":0},"end":{"line":45,"column":10}},"45":{"start":{"line":46,"column":0},"end":{"line":46,"column":0}},"46":{"start":{"line":47,"column":0},"end":{"line":47,"column":61}},"47":{"start":{"line":48,"column":0},"end":{"line":48,"column":0}},"48":{"start":{"line":49,"column":0},"end":{"line":49,"column":6}},"49":{"start":{"line":50,"column":0},"end":{"line":50,"column":2}}},"s":{"0":1,"1":1,"2":1,"3":1,"4":1,"5":1,"6":1,"7":1,"8":1,"9":1,"10":1,"11":1,"12":1,"13":1,"14":1,"15":1,"16":1,"17":1,"18":1,"19":1,"20":1,"21":1,"22":1,"23":3,"24":3,"25":3,"26":3,"27":1,"28":1,"29":2,"30":2,"31":2,"32":3,"33":1,"34":1,"35":1,"36":1,"37":1,"38":1,"39":1,"40":1,"41":1,"42":3,"43":0,"44":0,"45":1,"46":1,"47":1,"48":3,"49":1},"branchMap":{"0":{"type":"branch","line":16,"loc":{"start":{"line":16,"column":4},"end":{"line":21,"column":7}},"locations":[{"start":{"line":16,"column":4},"end":{"line":21,"column":7}}]},"1":{"type":"branch","line":23,"loc":{"start":{"line":23,"column":10},"end":{"line":49,"column":6}},"locations":[{"start":{"line":23,"column":10},"end":{"line":49,"column":6}}]},"2":{"type":"branch","line":27,"loc":{"start":{"line":27,"column":33},"end":{"line":29,"column":10}},"locations":[{"start":{"line":27,"column":33},"end":{"line":29,"column":10}}]},"3":{"type":"branch","line":29,"loc":{"start":{"line":29,"column":9},"end":{"line":33,"column":37}},"locations":[{"start":{"line":29,"column":9},"end":{"line":33,"column":37}}]},"4":{"type":"branch","line":33,"loc":{"start":{"line":33,"column":37},"end":{"line":43,"column":37}},"locations":[{"start":{"line":33,"column":37},"end":{"line":43,"column":37}}]},"5":{"type":"branch","line":43,"loc":{"start":{"line":43,"column":37},"end":{"line":45,"column":10}},"locations":[{"start":{"line":43,"column":37},"end":{"line":45,"column":10}}]},"6":{"type":"branch","line":45,"loc":{"start":{"line":45,"column":9},"end":{"line":49,"column":5}},"locations":[{"start":{"line":45,"column":9},"end":{"line":49,"column":5}}]}},"b":{"0":[1],"1":[3],"2":[1],"3":[2],"4":[1],"5":[0],"6":[1]},"fnMap":{"0":{"name":"CreateAnswerService","decl":{"start":{"line":16,"column":4},"end":{"line":21,"column":7}},"loc":{"start":{"line":16,"column":4},"end":{"line":21,"column":7}},"line":16},"1":{"name":"execute","decl":{"start":{"line":23,"column":10},"end":{"line":49,"column":6}},"loc":{"start":{"line":23,"column":10},"end":{"line":49,"column":6}},"line":23}},"f":{"0":1,"1":3}}
,"D:\\Dev\\JavaScript\\typescript\\projetos\\nebula\\backend\\src\\application\\useCases\\Answer\\ListAnswers\\list-answers-service.ts": {"path":"D:\\Dev\\JavaScript\\typescript\\projetos\\nebula\\backend\\src\\application\\useCases\\Answer\\ListAnswers\\list-answers-service.ts","all":false,"statementMap":{"0":{"start":{"line":1,"column":0},"end":{"line":1,"column":49}},"1":{"start":{"line":2,"column":0},"end":{"line":2,"column":73}},"2":{"start":{"line":3,"column":0},"end":{"line":3,"column":83}},"3":{"start":{"line":4,"column":0},"end":{"line":4,"column":0}},"4":{"start":{"line":5,"column":0},"end":{"line":5,"column":24}},"5":{"start":{"line":6,"column":0},"end":{"line":6,"column":20}},"6":{"start":{"line":7,"column":0},"end":{"line":7,"column":2}},"7":{"start":{"line":8,"column":0},"end":{"line":8,"column":0}},"8":{"start":{"line":9,"column":0},"end":{"line":9,"column":33}},"9":{"start":{"line":10,"column":0},"end":{"line":10,"column":16}},"10":{"start":{"line":11,"column":0},"end":{"line":11,"column":52}},"11":{"start":{"line":12,"column":0},"end":{"line":12,"column":8}},"12":{"start":{"line":13,"column":0},"end":{"line":13,"column":0}},"13":{"start":{"line":14,"column":0},"end":{"line":14,"column":73}},"14":{"start":{"line":15,"column":0},"end":{"line":15,"column":0}},"15":{"start":{"line":16,"column":0},"end":{"line":16,"column":73}},"16":{"start":{"line":17,"column":0},"end":{"line":17,"column":0}},"17":{"start":{"line":18,"column":0},"end":{"line":18,"column":37}},"18":{"start":{"line":19,"column":0},"end":{"line":19,"column":63}},"19":{"start":{"line":20,"column":0},"end":{"line":20,"column":10}},"20":{"start":{"line":21,"column":0},"end":{"line":21,"column":0}},"21":{"start":{"line":22,"column":0},"end":{"line":22,"column":62}},"22":{"start":{"line":23,"column":0},"end":{"line":23,"column":5}},"23":{"start":{"line":24,"column":0},"end":{"line":24,"column":1}}},"s":{"0":1,"1":1,"2":1,"3":1,"4":1,"5":1,"6":1,"7":1,"8":1,"9":1,"10":1,"11":1,"12":1,"13":1,"14":1,"15":1,"16":1,"17":1,"18":0,"19":0,"20":1,"21":1,"22":1,"23":1},"branchMap":{"0":{"type":"branch","line":10,"loc":{"start":{"line":10,"column":4},"end":{"line":12,"column":7}},"locations":[{"start":{"line":10,"column":4},"end":{"line":12,"column":7}}]},"1":{"type":"branch","line":14,"loc":{"start":{"line":14,"column":10},"end":{"line":23,"column":5}},"locations":[{"start":{"line":14,"column":10},"end":{"line":23,"column":5}}]},"2":{"type":"branch","line":18,"loc":{"start":{"line":18,"column":36},"end":{"line":20,"column":10}},"locations":[{"start":{"line":18,"column":36},"end":{"line":20,"column":10}}]}},"b":{"0":[1],"1":[1],"2":[0]},"fnMap":{"0":{"name":"ListAnswersService","decl":{"start":{"line":10,"column":4},"end":{"line":12,"column":7}},"loc":{"start":{"line":10,"column":4},"end":{"line":12,"column":7}},"line":10},"1":{"name":"execute","decl":{"start":{"line":14,"column":10},"end":{"line":23,"column":5}},"loc":{"start":{"line":14,"column":10},"end":{"line":23,"column":5}},"line":14}},"f":{"0":1,"1":1}}
,"D:\\Dev\\JavaScript\\typescript\\projetos\\nebula\\backend\\src\\application\\useCases\\Answer\\UpdateAnswer\\update-answer-service.ts": {"path":"D:\\Dev\\JavaScript\\typescript\\projetos\\nebula\\backend\\src\\application\\useCases\\Answer\\UpdateAnswer\\update-answer-service.ts","all":false,"statementMap":{"0":{"start":{"line":1,"column":0},"end":{"line":1,"column":49}},"1":{"start":{"line":2,"column":0},"end":{"line":2,"column":73}},"2":{"start":{"line":3,"column":0},"end":{"line":3,"column":83}},"3":{"start":{"line":4,"column":0},"end":{"line":4,"column":0}},"4":{"start":{"line":5,"column":0},"end":{"line":5,"column":0}},"5":{"start":{"line":6,"column":0},"end":{"line":6,"column":32}},"6":{"start":{"line":7,"column":0},"end":{"line":7,"column":22}},"7":{"start":{"line":8,"column":0},"end":{"line":8,"column":20}},"8":{"start":{"line":9,"column":0},"end":{"line":9,"column":16}},"9":{"start":{"line":10,"column":0},"end":{"line":10,"column":2}},"10":{"start":{"line":11,"column":0},"end":{"line":11,"column":0}},"11":{"start":{"line":12,"column":0},"end":{"line":12,"column":34}},"12":{"start":{"line":13,"column":0},"end":{"line":13,"column":0}},"13":{"start":{"line":14,"column":0},"end":{"line":14,"column":16}},"14":{"start":{"line":15,"column":0},"end":{"line":15,"column":51}},"15":{"start":{"line":16,"column":0},"end":{"line":16,"column":8}},"16":{"start":{"line":17,"column":0},"end":{"line":17,"column":0}},"17":{"start":{"line":18,"column":0},"end":{"line":18,"column":97}},"18":{"start":{"line":19,"column":0},"end":{"line":19,"column":0}},"19":{"start":{"line":20,"column":0},"end":{"line":20,"column":78}},"20":{"start":{"line":21,"column":0},"end":{"line":21,"column":0}},"21":{"start":{"line":22,"column":0},"end":{"line":22,"column":36}},"22":{"start":{"line":23,"column":0},"end":{"line":23,"column":60}},"23":{"start":{"line":24,"column":0},"end":{"line":24,"column":10}},"24":{"start":{"line":25,"column":0},"end":{"line":25,"column":0}},"25":{"start":{"line":26,"column":0},"end":{"line":26,"column":48}},"26":{"start":{"line":27,"column":0},"end":{"line":27,"column":0}},"27":{"start":{"line":28,"column":0},"end":{"line":28,"column":47}},"28":{"start":{"line":29,"column":0},"end":{"line":29,"column":91}},"29":{"start":{"line":30,"column":0},"end":{"line":30,"column":10}},"30":{"start":{"line":31,"column":0},"end":{"line":31,"column":0}},"31":{"start":{"line":32,"column":0},"end":{"line":32,"column":33}},"32":{"start":{"line":33,"column":0},"end":{"line":33,"column":45}},"33":{"start":{"line":34,"column":0},"end":{"line":34,"column":0}},"34":{"start":{"line":35,"column":0},"end":{"line":35,"column":30}},"35":{"start":{"line":36,"column":0},"end":{"line":36,"column":0}},"36":{"start":{"line":37,"column":0},"end":{"line":37,"column":75}},"37":{"start":{"line":38,"column":0},"end":{"line":38,"column":0}},"38":{"start":{"line":39,"column":0},"end":{"line":39,"column":38}},"39":{"start":{"line":40,"column":0},"end":{"line":40,"column":62}},"40":{"start":{"line":41,"column":0},"end":{"line":41,"column":10}},"41":{"start":{"line":42,"column":0},"end":{"line":42,"column":0}},"42":{"start":{"line":43,"column":0},"end":{"line":43,"column":61}},"43":{"start":{"line":44,"column":0},"end":{"line":44,"column":6}},"44":{"start":{"line":45,"column":0},"end":{"line":45,"column":2}}},"s":{"0":1,"1":1,"2":1,"3":1,"4":1,"5":1,"6":1,"7":1,"8":1,"9":1,"10":1,"11":1,"12":1,"13":1,"14":1,"15":1,"16":1,"17":1,"18":3,"19":3,"20":3,"21":3,"22":1,"23":1,"24":2,"25":2,"26":2,"27":3,"28":1,"29":1,"30":1,"31":1,"32":1,"33":1,"34":1,"35":1,"36":1,"37":1,"38":3,"39":0,"40":0,"41":1,"42":1,"43":3,"44":1},"branchMap":{"0":{"type":"branch","line":14,"loc":{"start":{"line":14,"column":4},"end":{"line":16,"column":7}},"locations":[{"start":{"line":14,"column":4},"end":{"line":16,"column":7}}]},"1":{"type":"branch","line":18,"loc":{"start":{"line":18,"column":10},"end":{"line":44,"column":6}},"locations":[{"start":{"line":18,"column":10},"end":{"line":44,"column":6}}]},"2":{"type":"branch","line":22,"loc":{"start":{"line":22,"column":35},"end":{"line":24,"column":10}},"locations":[{"start":{"line":22,"column":35},"end":{"line":24,"column":10}}]},"3":{"type":"branch","line":24,"loc":{"start":{"line":24,"column":9},"end":{"line":28,"column":46}},"locations":[{"start":{"line":24,"column":9},"end":{"line":28,"column":46}}]},"4":{"type":"branch","line":28,"loc":{"start":{"line":28,"column":46},"end":{"line":39,"column":37}},"locations":[{"start":{"line":28,"column":46},"end":{"line":39,"column":37}}]},"5":{"type":"branch","line":39,"loc":{"start":{"line":39,"column":37},"end":{"line":41,"column":10}},"locations":[{"start":{"line":39,"column":37},"end":{"line":41,"column":10}}]},"6":{"type":"branch","line":41,"loc":{"start":{"line":41,"column":9},"end":{"line":44,"column":5}},"locations":[{"start":{"line":41,"column":9},"end":{"line":44,"column":5}}]}},"b":{"0":[1],"1":[3],"2":[1],"3":[2],"4":[1],"5":[0],"6":[1]},"fnMap":{"0":{"name":"UpdateAnswerService","decl":{"start":{"line":14,"column":4},"end":{"line":16,"column":7}},"loc":{"start":{"line":14,"column":4},"end":{"line":16,"column":7}},"line":14},"1":{"name":"execute","decl":{"start":{"line":18,"column":10},"end":{"line":44,"column":6}},"loc":{"start":{"line":18,"column":10},"end":{"line":44,"column":6}},"line":18}},"f":{"0":1,"1":3}}
,"D:\\Dev\\JavaScript\\typescript\\projetos\\nebula\\backend\\src\\application\\useCases\\Content\\CreateContent\\create-content-service.ts": {"path":"D:\\Dev\\JavaScript\\typescript\\projetos\\nebula\\backend\\src\\application\\useCases\\Content\\CreateContent\\create-content-service.ts","all":false,"statementMap":{"0":{"start":{"line":1,"column":0},"end":{"line":1,"column":49}},"1":{"start":{"line":2,"column":0},"end":{"line":2,"column":62}},"2":{"start":{"line":3,"column":0},"end":{"line":3,"column":84}},"3":{"start":{"line":4,"column":0},"end":{"line":4,"column":86}},"4":{"start":{"line":5,"column":0},"end":{"line":5,"column":86}},"5":{"start":{"line":6,"column":0},"end":{"line":6,"column":0}},"6":{"start":{"line":7,"column":0},"end":{"line":7,"column":33}},"7":{"start":{"line":8,"column":0},"end":{"line":8,"column":24}},"8":{"start":{"line":9,"column":0},"end":{"line":9,"column":16}},"9":{"start":{"line":10,"column":0},"end":{"line":10,"column":23}},"10":{"start":{"line":11,"column":0},"end":{"line":11,"column":2}},"11":{"start":{"line":12,"column":0},"end":{"line":12,"column":0}},"12":{"start":{"line":13,"column":0},"end":{"line":13,"column":35}},"13":{"start":{"line":14,"column":0},"end":{"line":14,"column":0}},"14":{"start":{"line":15,"column":0},"end":{"line":15,"column":16}},"15":{"start":{"line":16,"column":0},"end":{"line":16,"column":55}},"16":{"start":{"line":17,"column":0},"end":{"line":17,"column":48}},"17":{"start":{"line":18,"column":0},"end":{"line":18,"column":55}},"18":{"start":{"line":19,"column":0},"end":{"line":19,"column":8}},"19":{"start":{"line":20,"column":0},"end":{"line":20,"column":0}},"20":{"start":{"line":21,"column":0},"end":{"line":21,"column":102}},"21":{"start":{"line":22,"column":0},"end":{"line":22,"column":0}},"22":{"start":{"line":23,"column":0},"end":{"line":23,"column":81}},"23":{"start":{"line":24,"column":0},"end":{"line":24,"column":0}},"24":{"start":{"line":25,"column":0},"end":{"line":25,"column":37}},"25":{"start":{"line":26,"column":0},"end":{"line":26,"column":62}},"26":{"start":{"line":27,"column":0},"end":{"line":27,"column":10}},"27":{"start":{"line":28,"column":0},"end":{"line":28,"column":0}},"28":{"start":{"line":29,"column":0},"end":{"line":29,"column":97}},"29":{"start":{"line":30,"column":0},"end":{"line":30,"column":0}},"30":{"start":{"line":31,"column":0},"end":{"line":31,"column":76}},"31":{"start":{"line":32,"column":0},"end":{"line":32,"column":0}},"32":{"start":{"line":33,"column":0},"end":{"line":33,"column":37}},"33":{"start":{"line":34,"column":0},"end":{"line":34,"column":62}},"34":{"start":{"line":35,"column":0},"end":{"line":35,"column":10}},"35":{"start":{"line":36,"column":0},"end":{"line":36,"column":0}},"36":{"start":{"line":37,"column":0},"end":{"line":37,"column":61}},"37":{"start":{"line":38,"column":0},"end":{"line":38,"column":6}},"38":{"start":{"line":39,"column":0},"end":{"line":39,"column":2}}},"s":{"0":1,"1":1,"2":1,"3":1,"4":1,"5":1,"6":1,"7":1,"8":1,"9":1,"10":1,"11":1,"12":1,"13":1,"14":1,"15":1,"16":1,"17":1,"18":1,"19":1,"20":1,"21":2,"22":2,"23":2,"24":2,"25":1,"26":1,"27":1,"28":1,"29":1,"30":1,"31":1,"32":2,"33":0,"34":0,"35":1,"36":1,"37":2,"38":1},"branchMap":{"0":{"type":"branch","line":15,"loc":{"start":{"line":15,"column":4},"end":{"line":19,"column":7}},"locations":[{"start":{"line":15,"column":4},"end":{"line":19,"column":7}}]},"1":{"type":"branch","line":21,"loc":{"start":{"line":21,"column":10},"end":{"line":38,"column":6}},"locations":[{"start":{"line":21,"column":10},"end":{"line":38,"column":6}}]},"2":{"type":"branch","line":25,"loc":{"start":{"line":25,"column":36},"end":{"line":33,"column":36}},"locations":[{"start":{"line":25,"column":36},"end":{"line":33,"column":36}}]},"3":{"type":"branch","line":33,"loc":{"start":{"line":33,"column":36},"end":{"line":35,"column":10}},"locations":[{"start":{"line":33,"column":36},"end":{"line":35,"column":10}}]},"4":{"type":"branch","line":35,"loc":{"start":{"line":35,"column":9},"end":{"line":38,"column":5}},"locations":[{"start":{"line":35,"column":9},"end":{"line":38,"column":5}}]}},"b":{"0":[1],"1":[2],"2":[1],"3":[0],"4":[1]},"fnMap":{"0":{"name":"CreateContentService","decl":{"start":{"line":15,"column":4},"end":{"line":19,"column":7}},"loc":{"start":{"line":15,"column":4},"end":{"line":19,"column":7}},"line":15},"1":{"name":"execute","decl":{"start":{"line":21,"column":10},"end":{"line":38,"column":6}},"loc":{"start":{"line":21,"column":10},"end":{"line":38,"column":6}},"line":21}},"f":{"0":1,"1":2}}
,"D:\\Dev\\JavaScript\\typescript\\projetos\\nebula\\backend\\src\\application\\useCases\\Content\\ListContents\\list-contents-service.ts": {"path":"D:\\Dev\\JavaScript\\typescript\\projetos\\nebula\\backend\\src\\application\\useCases\\Content\\ListContents\\list-contents-service.ts","all":false,"statementMap":{"0":{"start":{"line":1,"column":0},"end":{"line":1,"column":49}},"1":{"start":{"line":2,"column":0},"end":{"line":2,"column":62}},"2":{"start":{"line":3,"column":0},"end":{"line":3,"column":86}},"3":{"start":{"line":4,"column":0},"end":{"line":4,"column":0}},"4":{"start":{"line":5,"column":0},"end":{"line":5,"column":32}},"5":{"start":{"line":6,"column":0},"end":{"line":6,"column":20}},"6":{"start":{"line":7,"column":0},"end":{"line":7,"column":2}},"7":{"start":{"line":8,"column":0},"end":{"line":8,"column":0}},"8":{"start":{"line":9,"column":0},"end":{"line":9,"column":34}},"9":{"start":{"line":10,"column":0},"end":{"line":10,"column":16}},"10":{"start":{"line":11,"column":0},"end":{"line":11,"column":53}},"11":{"start":{"line":12,"column":0},"end":{"line":12,"column":8}},"12":{"start":{"line":13,"column":0},"end":{"line":13,"column":0}},"13":{"start":{"line":14,"column":0},"end":{"line":14,"column":83}},"14":{"start":{"line":15,"column":0},"end":{"line":15,"column":0}},"15":{"start":{"line":16,"column":0},"end":{"line":16,"column":75}},"16":{"start":{"line":17,"column":0},"end":{"line":17,"column":0}},"17":{"start":{"line":18,"column":0},"end":{"line":18,"column":38}},"18":{"start":{"line":19,"column":0},"end":{"line":19,"column":65}},"19":{"start":{"line":20,"column":0},"end":{"line":20,"column":10}},"20":{"start":{"line":21,"column":0},"end":{"line":21,"column":0}},"21":{"start":{"line":22,"column":0},"end":{"line":22,"column":64}},"22":{"start":{"line":23,"column":0},"end":{"line":23,"column":0}},"23":{"start":{"line":24,"column":0},"end":{"line":24,"column":6}},"24":{"start":{"line":25,"column":0},"end":{"line":25,"column":2}}},"s":{"0":1,"1":1,"2":1,"3":1,"4":1,"5":1,"6":1,"7":1,"8":1,"9":1,"10":1,"11":1,"12":1,"13":1,"14":1,"15":1,"16":1,"17":1,"18":0,"19":0,"20":1,"21":1,"22":1,"23":1,"24":1},"branchMap":{"0":{"type":"branch","line":10,"loc":{"start":{"line":10,"column":4},"end":{"line":12,"column":7}},"locations":[{"start":{"line":10,"column":4},"end":{"line":12,"column":7}}]},"1":{"type":"branch","line":14,"loc":{"start":{"line":14,"column":10},"end":{"line":24,"column":6}},"locations":[{"start":{"line":14,"column":10},"end":{"line":24,"column":6}}]},"2":{"type":"branch","line":18,"loc":{"start":{"line":18,"column":37},"end":{"line":20,"column":10}},"locations":[{"start":{"line":18,"column":37},"end":{"line":20,"column":10}}]}},"b":{"0":[1],"1":[1],"2":[0]},"fnMap":{"0":{"name":"ListContentsService","decl":{"start":{"line":10,"column":4},"end":{"line":12,"column":7}},"loc":{"start":{"line":10,"column":4},"end":{"line":12,"column":7}},"line":10},"1":{"name":"execute","decl":{"start":{"line":14,"column":10},"end":{"line":24,"column":6}},"loc":{"start":{"line":14,"column":10},"end":{"line":24,"column":6}},"line":14}},"f":{"0":1,"1":1}}
,"D:\\Dev\\JavaScript\\typescript\\projetos\\nebula\\backend\\src\\application\\useCases\\Content\\UpdateContent\\update-content-service.ts": {"path":"D:\\Dev\\JavaScript\\typescript\\projetos\\nebula\\backend\\src\\application\\useCases\\Content\\UpdateContent\\update-content-service.ts","all":false,"statementMap":{"0":{"start":{"line":1,"column":0},"end":{"line":1,"column":49}},"1":{"start":{"line":2,"column":0},"end":{"line":2,"column":62}},"2":{"start":{"line":3,"column":0},"end":{"line":3,"column":93}},"3":{"start":{"line":4,"column":0},"end":{"line":4,"column":86}},"4":{"start":{"line":5,"column":0},"end":{"line":5,"column":86}},"5":{"start":{"line":6,"column":0},"end":{"line":6,"column":0}},"6":{"start":{"line":7,"column":0},"end":{"line":7,"column":0}},"7":{"start":{"line":8,"column":0},"end":{"line":8,"column":33}},"8":{"start":{"line":9,"column":0},"end":{"line":9,"column":15}},"9":{"start":{"line":10,"column":0},"end":{"line":10,"column":25}},"10":{"start":{"line":11,"column":0},"end":{"line":11,"column":17}},"11":{"start":{"line":12,"column":0},"end":{"line":12,"column":23}},"12":{"start":{"line":13,"column":0},"end":{"line":13,"column":2}},"13":{"start":{"line":14,"column":0},"end":{"line":14,"column":0}},"14":{"start":{"line":15,"column":0},"end":{"line":15,"column":35}},"15":{"start":{"line":16,"column":0},"end":{"line":16,"column":0}},"16":{"start":{"line":17,"column":0},"end":{"line":17,"column":16}},"17":{"start":{"line":18,"column":0},"end":{"line":18,"column":54}},"18":{"start":{"line":19,"column":0},"end":{"line":19,"column":53}},"19":{"start":{"line":20,"column":0},"end":{"line":20,"column":8}},"20":{"start":{"line":21,"column":0},"end":{"line":21,"column":0}},"21":{"start":{"line":22,"column":0},"end":{"line":22,"column":107}},"22":{"start":{"line":23,"column":0},"end":{"line":23,"column":0}},"23":{"start":{"line":24,"column":0},"end":{"line":24,"column":73}},"24":{"start":{"line":25,"column":0},"end":{"line":25,"column":0}},"25":{"start":{"line":26,"column":0},"end":{"line":26,"column":37}},"26":{"start":{"line":27,"column":0},"end":{"line":27,"column":62}},"27":{"start":{"line":28,"column":0},"end":{"line":28,"column":10}},"28":{"start":{"line":29,"column":0},"end":{"line":29,"column":0}},"29":{"start":{"line":30,"column":0},"end":{"line":30,"column":92}},"30":{"start":{"line":31,"column":0},"end":{"line":31,"column":0}},"31":{"start":{"line":32,"column":0},"end":{"line":32,"column":89}},"32":{"start":{"line":33,"column":0},"end":{"line":33,"column":0}},"33":{"start":{"line":34,"column":0},"end":{"line":34,"column":37}},"34":{"start":{"line":35,"column":0},"end":{"line":35,"column":62}},"35":{"start":{"line":36,"column":0},"end":{"line":36,"column":10}},"36":{"start":{"line":37,"column":0},"end":{"line":37,"column":0}},"37":{"start":{"line":38,"column":0},"end":{"line":38,"column":28}},"38":{"start":{"line":39,"column":0},"end":{"line":39,"column":24}},"39":{"start":{"line":40,"column":0},"end":{"line":40,"column":16}},"40":{"start":{"line":41,"column":0},"end":{"line":41,"column":47}},"41":{"start":{"line":42,"column":0},"end":{"line":42,"column":34}},"42":{"start":{"line":43,"column":0},"end":{"line":43,"column":10}},"43":{"start":{"line":44,"column":0},"end":{"line":44,"column":0}},"44":{"start":{"line":45,"column":0},"end":{"line":45,"column":46}},"45":{"start":{"line":46,"column":0},"end":{"line":46,"column":84}},"46":{"start":{"line":47,"column":0},"end":{"line":47,"column":40}},"47":{"start":{"line":48,"column":0},"end":{"line":48,"column":10}},"48":{"start":{"line":49,"column":0},"end":{"line":49,"column":0}},"49":{"start":{"line":50,"column":0},"end":{"line":50,"column":30}},"50":{"start":{"line":51,"column":0},"end":{"line":51,"column":0}},"51":{"start":{"line":52,"column":0},"end":{"line":52,"column":78}},"52":{"start":{"line":53,"column":0},"end":{"line":53,"column":0}},"53":{"start":{"line":54,"column":0},"end":{"line":54,"column":31}},"54":{"start":{"line":55,"column":0},"end":{"line":55,"column":56}},"55":{"start":{"line":56,"column":0},"end":{"line":56,"column":10}},"56":{"start":{"line":57,"column":0},"end":{"line":57,"column":0}},"57":{"start":{"line":58,"column":0},"end":{"line":58,"column":50}},"58":{"start":{"line":59,"column":0},"end":{"line":59,"column":0}},"59":{"start":{"line":60,"column":0},"end":{"line":60,"column":6}},"60":{"start":{"line":61,"column":0},"end":{"line":61,"column":2}}},"s":{"0":1,"1":1,"2":1,"3":1,"4":1,"5":1,"6":1,"7":1,"8":1,"9":1,"10":1,"11":1,"12":1,"13":1,"14":1,"15":1,"16":1,"17":1,"18":1,"19":1,"20":1,"21":1,"22":4,"23":4,"24":4,"25":4,"26":1,"27":1,"28":3,"29":4,"30":4,"31":4,"32":3,"33":4,"34":1,"35":1,"36":2,"37":2,"38":2,"39":2,"40":2,"41":2,"42":2,"43":2,"44":2,"45":2,"46":2,"47":2,"48":2,"49":2,"50":2,"51":2,"52":2,"53":4,"54":0,"55":0,"56":2,"57":2,"58":2,"59":4,"60":1},"branchMap":{"0":{"type":"branch","line":17,"loc":{"start":{"line":17,"column":4},"end":{"line":20,"column":7}},"locations":[{"start":{"line":17,"column":4},"end":{"line":20,"column":7}}]},"1":{"type":"branch","line":22,"loc":{"start":{"line":22,"column":10},"end":{"line":60,"column":6}},"locations":[{"start":{"line":22,"column":10},"end":{"line":60,"column":6}}]},"2":{"type":"branch","line":26,"loc":{"start":{"line":26,"column":36},"end":{"line":28,"column":10}},"locations":[{"start":{"line":26,"column":36},"end":{"line":28,"column":10}}]},"3":{"type":"branch","line":28,"loc":{"start":{"line":28,"column":9},"end":{"line":30,"column":49}},"locations":[{"start":{"line":28,"column":9},"end":{"line":30,"column":49}}]},"4":{"type":"branch","line":30,"loc":{"start":{"line":30,"column":45},"end":{"line":30,"column":91}},"locations":[{"start":{"line":30,"column":45},"end":{"line":30,"column":91}}]},"5":{"type":"branch","line":33,"loc":{"start":{"line":33,"column":-2},"end":{"line":34,"column":36}},"locations":[{"start":{"line":33,"column":-2},"end":{"line":34,"column":36}}]},"6":{"type":"branch","line":34,"loc":{"start":{"line":34,"column":36},"end":{"line":36,"column":10}},"locations":[{"start":{"line":34,"column":36},"end":{"line":36,"column":10}}]},"7":{"type":"branch","line":36,"loc":{"start":{"line":36,"column":9},"end":{"line":54,"column":30}},"locations":[{"start":{"line":36,"column":9},"end":{"line":54,"column":30}}]},"8":{"type":"branch","line":54,"loc":{"start":{"line":54,"column":30},"end":{"line":56,"column":10}},"locations":[{"start":{"line":54,"column":30},"end":{"line":56,"column":10}}]},"9":{"type":"branch","line":56,"loc":{"start":{"line":56,"column":9},"end":{"line":60,"column":5}},"locations":[{"start":{"line":56,"column":9},"end":{"line":60,"column":5}}]}},"b":{"0":[1],"1":[4],"2":[1],"3":[3],"4":[1],"5":[3],"6":[1],"7":[2],"8":[0],"9":[2]},"fnMap":{"0":{"name":"UpdateContentService","decl":{"start":{"line":17,"column":4},"end":{"line":20,"column":7}},"loc":{"start":{"line":17,"column":4},"end":{"line":20,"column":7}},"line":17},"1":{"name":"execute","decl":{"start":{"line":22,"column":10},"end":{"line":60,"column":6}},"loc":{"start":{"line":22,"column":10},"end":{"line":60,"column":6}},"line":22}},"f":{"0":1,"1":4}}
,"D:\\Dev\\JavaScript\\typescript\\projetos\\nebula\\backend\\src\\application\\useCases\\Question\\ChangeQuestionAccess\\change-question-access-service.ts": {"path":"D:\\Dev\\JavaScript\\typescript\\projetos\\nebula\\backend\\src\\application\\useCases\\Question\\ChangeQuestionAccess\\change-question-access-service.ts","all":false,"statementMap":{"0":{"start":{"line":1,"column":0},"end":{"line":1,"column":49}},"1":{"start":{"line":2,"column":0},"end":{"line":2,"column":77}},"2":{"start":{"line":3,"column":0},"end":{"line":3,"column":89}},"3":{"start":{"line":4,"column":0},"end":{"line":4,"column":0}},"4":{"start":{"line":5,"column":0},"end":{"line":5,"column":40}},"5":{"start":{"line":6,"column":0},"end":{"line":6,"column":15}},"6":{"start":{"line":7,"column":0},"end":{"line":7,"column":20}},"7":{"start":{"line":8,"column":0},"end":{"line":8,"column":22}},"8":{"start":{"line":9,"column":0},"end":{"line":9,"column":2}},"9":{"start":{"line":10,"column":0},"end":{"line":10,"column":0}},"10":{"start":{"line":11,"column":0},"end":{"line":11,"column":42}},"11":{"start":{"line":12,"column":0},"end":{"line":12,"column":16}},"12":{"start":{"line":13,"column":0},"end":{"line":13,"column":55}},"13":{"start":{"line":14,"column":0},"end":{"line":14,"column":8}},"14":{"start":{"line":15,"column":0},"end":{"line":15,"column":0}},"15":{"start":{"line":16,"column":0},"end":{"line":16,"column":105}},"16":{"start":{"line":17,"column":0},"end":{"line":17,"column":8}},"17":{"start":{"line":18,"column":0},"end":{"line":18,"column":75}},"18":{"start":{"line":19,"column":0},"end":{"line":19,"column":0}},"19":{"start":{"line":20,"column":0},"end":{"line":20,"column":38}},"20":{"start":{"line":21,"column":0},"end":{"line":21,"column":64}},"21":{"start":{"line":22,"column":0},"end":{"line":22,"column":10}},"22":{"start":{"line":23,"column":0},"end":{"line":23,"column":0}},"23":{"start":{"line":24,"column":0},"end":{"line":24,"column":8}},"24":{"start":{"line":25,"column":0},"end":{"line":25,"column":67}},"25":{"start":{"line":26,"column":0},"end":{"line":26,"column":102}},"26":{"start":{"line":27,"column":0},"end":{"line":27,"column":10}},"27":{"start":{"line":28,"column":0},"end":{"line":28,"column":0}},"28":{"start":{"line":29,"column":0},"end":{"line":29,"column":0}},"29":{"start":{"line":30,"column":0},"end":{"line":30,"column":52}},"30":{"start":{"line":31,"column":0},"end":{"line":31,"column":0}},"31":{"start":{"line":32,"column":0},"end":{"line":32,"column":45}},"32":{"start":{"line":33,"column":0},"end":{"line":33,"column":0}},"33":{"start":{"line":34,"column":0},"end":{"line":34,"column":30}},"34":{"start":{"line":35,"column":0},"end":{"line":35,"column":0}},"35":{"start":{"line":36,"column":0},"end":{"line":36,"column":80}},"36":{"start":{"line":37,"column":0},"end":{"line":37,"column":0}},"37":{"start":{"line":38,"column":0},"end":{"line":38,"column":39}},"38":{"start":{"line":39,"column":0},"end":{"line":39,"column":65}},"39":{"start":{"line":40,"column":0},"end":{"line":40,"column":10}},"40":{"start":{"line":41,"column":0},"end":{"line":41,"column":0}},"41":{"start":{"line":42,"column":0},"end":{"line":42,"column":64}},"42":{"start":{"line":43,"column":0},"end":{"line":43,"column":6}},"43":{"start":{"line":44,"column":0},"end":{"line":44,"column":2}}},"s":{"0":1,"1":1,"2":1,"3":1,"4":1,"5":1,"6":1,"7":1,"8":1,"9":1,"10":1,"11":1,"12":1,"13":1,"14":1,"15":1,"16":3,"17":3,"18":3,"19":3,"20":1,"21":1,"22":2,"23":2,"24":3,"25":1,"26":1,"27":1,"28":1,"29":1,"30":1,"31":1,"32":1,"33":1,"34":1,"35":1,"36":1,"37":3,"38":0,"39":0,"40":1,"41":1,"42":3,"43":1},"branchMap":{"0":{"type":"branch","line":12,"loc":{"start":{"line":12,"column":4},"end":{"line":14,"column":7}},"locations":[{"start":{"line":12,"column":4},"end":{"line":14,"column":7}}]},"1":{"type":"branch","line":16,"loc":{"start":{"line":16,"column":10},"end":{"line":43,"column":6}},"locations":[{"start":{"line":16,"column":10},"end":{"line":43,"column":6}}]},"2":{"type":"branch","line":20,"loc":{"start":{"line":20,"column":37},"end":{"line":22,"column":10}},"locations":[{"start":{"line":20,"column":37},"end":{"line":22,"column":10}}]},"3":{"type":"branch","line":22,"loc":{"start":{"line":22,"column":9},"end":{"line":25,"column":66}},"locations":[{"start":{"line":22,"column":9},"end":{"line":25,"column":66}}]},"4":{"type":"branch","line":25,"loc":{"start":{"line":25,"column":66},"end":{"line":38,"column":38}},"locations":[{"start":{"line":25,"column":66},"end":{"line":38,"column":38}}]},"5":{"type":"branch","line":38,"loc":{"start":{"line":38,"column":38},"end":{"line":40,"column":10}},"locations":[{"start":{"line":38,"column":38},"end":{"line":40,"column":10}}]},"6":{"type":"branch","line":40,"loc":{"start":{"line":40,"column":9},"end":{"line":43,"column":5}},"locations":[{"start":{"line":40,"column":9},"end":{"line":43,"column":5}}]}},"b":{"0":[1],"1":[3],"2":[1],"3":[2],"4":[1],"5":[0],"6":[1]},"fnMap":{"0":{"name":"ChangeQuestionAccessSerivce","decl":{"start":{"line":12,"column":4},"end":{"line":14,"column":7}},"loc":{"start":{"line":12,"column":4},"end":{"line":14,"column":7}},"line":12},"1":{"name":"execute","decl":{"start":{"line":16,"column":10},"end":{"line":43,"column":6}},"loc":{"start":{"line":16,"column":10},"end":{"line":43,"column":6}},"line":16}},"f":{"0":1,"1":3}}
,"D:\\Dev\\JavaScript\\typescript\\projetos\\nebula\\backend\\src\\application\\useCases\\Question\\CreateQuestion\\create-question-service.ts": {"path":"D:\\Dev\\JavaScript\\typescript\\projetos\\nebula\\backend\\src\\application\\useCases\\Question\\CreateQuestion\\create-question-service.ts","all":false,"statementMap":{"0":{"start":{"line":1,"column":0},"end":{"line":1,"column":87}},"1":{"start":{"line":2,"column":0},"end":{"line":2,"column":86}},"2":{"start":{"line":3,"column":0},"end":{"line":3,"column":89}},"3":{"start":{"line":4,"column":0},"end":{"line":4,"column":49}},"4":{"start":{"line":5,"column":0},"end":{"line":5,"column":77}},"5":{"start":{"line":6,"column":0},"end":{"line":6,"column":86}},"6":{"start":{"line":7,"column":0},"end":{"line":7,"column":0}},"7":{"start":{"line":8,"column":0},"end":{"line":8,"column":0}},"8":{"start":{"line":9,"column":0},"end":{"line":9,"column":34}},"9":{"start":{"line":10,"column":0},"end":{"line":10,"column":18}},"10":{"start":{"line":11,"column":0},"end":{"line":11,"column":17}},"11":{"start":{"line":12,"column":0},"end":{"line":12,"column":23}},"12":{"start":{"line":13,"column":0},"end":{"line":13,"column":22}},"13":{"start":{"line":14,"column":0},"end":{"line":14,"column":23}},"14":{"start":{"line":15,"column":0},"end":{"line":15,"column":2}},"15":{"start":{"line":16,"column":0},"end":{"line":16,"column":0}},"16":{"start":{"line":17,"column":0},"end":{"line":17,"column":0}},"17":{"start":{"line":18,"column":0},"end":{"line":18,"column":36}},"18":{"start":{"line":19,"column":0},"end":{"line":19,"column":0}},"19":{"start":{"line":20,"column":0},"end":{"line":20,"column":16}},"20":{"start":{"line":21,"column":0},"end":{"line":21,"column":49}},"21":{"start":{"line":22,"column":0},"end":{"line":22,"column":65}},"22":{"start":{"line":23,"column":0},"end":{"line":23,"column":54}},"23":{"start":{"line":24,"column":0},"end":{"line":24,"column":56}},"24":{"start":{"line":25,"column":0},"end":{"line":25,"column":8}},"25":{"start":{"line":26,"column":0},"end":{"line":26,"column":0}},"26":{"start":{"line":27,"column":0},"end":{"line":27,"column":20}},"27":{"start":{"line":28,"column":0},"end":{"line":28,"column":14}},"28":{"start":{"line":29,"column":0},"end":{"line":29,"column":13}},"29":{"start":{"line":30,"column":0},"end":{"line":30,"column":19}},"30":{"start":{"line":31,"column":0},"end":{"line":31,"column":19}},"31":{"start":{"line":32,"column":0},"end":{"line":32,"column":19}},"32":{"start":{"line":33,"column":0},"end":{"line":33,"column":62}},"33":{"start":{"line":34,"column":0},"end":{"line":34,"column":0}},"34":{"start":{"line":35,"column":0},"end":{"line":35,"column":81}},"35":{"start":{"line":36,"column":0},"end":{"line":36,"column":0}},"36":{"start":{"line":37,"column":0},"end":{"line":37,"column":34}},"37":{"start":{"line":38,"column":0},"end":{"line":38,"column":60}},"38":{"start":{"line":39,"column":0},"end":{"line":39,"column":10}},"39":{"start":{"line":40,"column":0},"end":{"line":40,"column":0}},"40":{"start":{"line":41,"column":0},"end":{"line":41,"column":81}},"41":{"start":{"line":42,"column":0},"end":{"line":42,"column":0}},"42":{"start":{"line":43,"column":0},"end":{"line":43,"column":37}},"43":{"start":{"line":44,"column":0},"end":{"line":44,"column":63}},"44":{"start":{"line":45,"column":0},"end":{"line":45,"column":10}},"45":{"start":{"line":46,"column":0},"end":{"line":46,"column":0}},"46":{"start":{"line":47,"column":0},"end":{"line":47,"column":64}},"47":{"start":{"line":48,"column":0},"end":{"line":48,"column":18}},"48":{"start":{"line":49,"column":0},"end":{"line":49,"column":17}},"49":{"start":{"line":50,"column":0},"end":{"line":50,"column":22}},"50":{"start":{"line":51,"column":0},"end":{"line":51,"column":35}},"51":{"start":{"line":52,"column":0},"end":{"line":52,"column":37}},"52":{"start":{"line":53,"column":0},"end":{"line":53,"column":10}},"53":{"start":{"line":54,"column":0},"end":{"line":54,"column":0}},"54":{"start":{"line":55,"column":0},"end":{"line":55,"column":30}},"55":{"start":{"line":56,"column":0},"end":{"line":56,"column":0}},"56":{"start":{"line":57,"column":0},"end":{"line":57,"column":98}},"57":{"start":{"line":58,"column":0},"end":{"line":58,"column":0}},"58":{"start":{"line":59,"column":0},"end":{"line":59,"column":38}},"59":{"start":{"line":60,"column":0},"end":{"line":60,"column":64}},"60":{"start":{"line":61,"column":0},"end":{"line":61,"column":10}},"61":{"start":{"line":62,"column":0},"end":{"line":62,"column":0}},"62":{"start":{"line":63,"column":0},"end":{"line":63,"column":63}},"63":{"start":{"line":64,"column":0},"end":{"line":64,"column":6}},"64":{"start":{"line":65,"column":0},"end":{"line":65,"column":2}}},"s":{"0":1,"1":1,"2":1,"3":1,"4":1,"5":1,"6":1,"7":1,"8":1,"9":1,"10":1,"11":1,"12":1,"13":1,"14":1,"15":1,"16":1,"17":1,"18":1,"19":1,"20":1,"21":1,"22":1,"23":1,"24":1,"25":1,"26":1,"27":3,"28":3,"29":3,"30":3,"31":3,"32":3,"33":3,"34":3,"35":3,"36":3,"37":1,"38":1,"39":2,"40":2,"41":2,"42":3,"43":1,"44":1,"45":1,"46":1,"47":1,"48":1,"49":1,"50":1,"51":1,"52":1,"53":1,"54":1,"55":1,"56":1,"57":1,"58":3,"59":0,"60":0,"61":1,"62":1,"63":3,"64":1},"branchMap":{"0":{"type":"branch","line":20,"loc":{"start":{"line":20,"column":4},"end":{"line":25,"column":7}},"locations":[{"start":{"line":20,"column":4},"end":{"line":25,"column":7}}]},"1":{"type":"branch","line":27,"loc":{"start":{"line":27,"column":10},"end":{"line":64,"column":6}},"locations":[{"start":{"line":27,"column":10},"end":{"line":64,"column":6}}]},"2":{"type":"branch","line":37,"loc":{"start":{"line":37,"column":33},"end":{"line":39,"column":10}},"locations":[{"start":{"line":37,"column":33},"end":{"line":39,"column":10}}]},"3":{"type":"branch","line":39,"loc":{"start":{"line":39,"column":9},"end":{"line":43,"column":36}},"locations":[{"start":{"line":39,"column":9},"end":{"line":43,"column":36}}]},"4":{"type":"branch","line":43,"loc":{"start":{"line":43,"column":36},"end":{"line":59,"column":37}},"locations":[{"start":{"line":43,"column":36},"end":{"line":59,"column":37}}]},"5":{"type":"branch","line":59,"loc":{"start":{"line":59,"column":37},"end":{"line":61,"column":10}},"locations":[{"start":{"line":59,"column":37},"end":{"line":61,"column":10}}]},"6":{"type":"branch","line":61,"loc":{"start":{"line":61,"column":9},"end":{"line":64,"column":5}},"locations":[{"start":{"line":61,"column":9},"end":{"line":64,"column":5}}]}},"b":{"0":[1],"1":[3],"2":[1],"3":[2],"4":[1],"5":[0],"6":[1]},"fnMap":{"0":{"name":"CreateQuestionService","decl":{"start":{"line":20,"column":4},"end":{"line":25,"column":7}},"loc":{"start":{"line":20,"column":4},"end":{"line":25,"column":7}},"line":20},"1":{"name":"execute","decl":{"start":{"line":27,"column":10},"end":{"line":64,"column":6}},"loc":{"start":{"line":27,"column":10},"end":{"line":64,"column":6}},"line":27}},"f":{"0":1,"1":3}}
,"D:\\Dev\\JavaScript\\typescript\\projetos\\nebula\\backend\\src\\application\\useCases\\Question\\FinishQuestion\\finish-question-service.ts": {"path":"D:\\Dev\\JavaScript\\typescript\\projetos\\nebula\\backend\\src\\application\\useCases\\Question\\FinishQuestion\\finish-question-service.ts","all":false,"statementMap":{"0":{"start":{"line":1,"column":0},"end":{"line":1,"column":49}},"1":{"start":{"line":2,"column":0},"end":{"line":2,"column":77}},"2":{"start":{"line":3,"column":0},"end":{"line":3,"column":89}},"3":{"start":{"line":4,"column":0},"end":{"line":4,"column":0}},"4":{"start":{"line":5,"column":0},"end":{"line":5,"column":34}},"5":{"start":{"line":6,"column":0},"end":{"line":6,"column":15}},"6":{"start":{"line":7,"column":0},"end":{"line":7,"column":20}},"7":{"start":{"line":8,"column":0},"end":{"line":8,"column":22}},"8":{"start":{"line":9,"column":0},"end":{"line":9,"column":2}},"9":{"start":{"line":10,"column":0},"end":{"line":10,"column":0}},"10":{"start":{"line":11,"column":0},"end":{"line":11,"column":36}},"11":{"start":{"line":12,"column":0},"end":{"line":12,"column":16}},"12":{"start":{"line":13,"column":0},"end":{"line":13,"column":55}},"13":{"start":{"line":14,"column":0},"end":{"line":14,"column":8}},"14":{"start":{"line":15,"column":0},"end":{"line":15,"column":0}},"15":{"start":{"line":16,"column":0},"end":{"line":16,"column":99}},"16":{"start":{"line":17,"column":0},"end":{"line":17,"column":8}},"17":{"start":{"line":18,"column":0},"end":{"line":18,"column":75}},"18":{"start":{"line":19,"column":0},"end":{"line":19,"column":0}},"19":{"start":{"line":20,"column":0},"end":{"line":20,"column":38}},"20":{"start":{"line":21,"column":0},"end":{"line":21,"column":64}},"21":{"start":{"line":22,"column":0},"end":{"line":22,"column":10}},"22":{"start":{"line":23,"column":0},"end":{"line":23,"column":0}},"23":{"start":{"line":24,"column":0},"end":{"line":24,"column":67}},"24":{"start":{"line":25,"column":0},"end":{"line":25,"column":102}},"25":{"start":{"line":26,"column":0},"end":{"line":26,"column":10}},"26":{"start":{"line":27,"column":0},"end":{"line":27,"column":0}},"27":{"start":{"line":28,"column":0},"end":{"line":28,"column":0}},"28":{"start":{"line":29,"column":0},"end":{"line":29,"column":52}},"29":{"start":{"line":30,"column":0},"end":{"line":30,"column":0}},"30":{"start":{"line":31,"column":0},"end":{"line":31,"column":45}},"31":{"start":{"line":32,"column":0},"end":{"line":32,"column":0}},"32":{"start":{"line":33,"column":0},"end":{"line":33,"column":30}},"33":{"start":{"line":34,"column":0},"end":{"line":34,"column":0}},"34":{"start":{"line":35,"column":0},"end":{"line":35,"column":80}},"35":{"start":{"line":36,"column":0},"end":{"line":36,"column":0}},"36":{"start":{"line":37,"column":0},"end":{"line":37,"column":39}},"37":{"start":{"line":38,"column":0},"end":{"line":38,"column":65}},"38":{"start":{"line":39,"column":0},"end":{"line":39,"column":10}},"39":{"start":{"line":40,"column":0},"end":{"line":40,"column":0}},"40":{"start":{"line":41,"column":0},"end":{"line":41,"column":64}},"41":{"start":{"line":42,"column":0},"end":{"line":42,"column":6}},"42":{"start":{"line":43,"column":0},"end":{"line":43,"column":2}}},"s":{"0":1,"1":1,"2":1,"3":1,"4":1,"5":1,"6":1,"7":1,"8":1,"9":1,"10":1,"11":1,"12":1,"13":1,"14":1,"15":1,"16":3,"17":3,"18":3,"19":3,"20":1,"21":1,"22":2,"23":3,"24":1,"25":1,"26":1,"27":1,"28":1,"29":1,"30":1,"31":1,"32":1,"33":1,"34":1,"35":1,"36":3,"37":0,"38":0,"39":1,"40":1,"41":3,"42":1},"branchMap":{"0":{"type":"branch","line":12,"loc":{"start":{"line":12,"column":4},"end":{"line":14,"column":7}},"locations":[{"start":{"line":12,"column":4},"end":{"line":14,"column":7}}]},"1":{"type":"branch","line":16,"loc":{"start":{"line":16,"column":10},"end":{"line":42,"column":6}},"locations":[{"start":{"line":16,"column":10},"end":{"line":42,"column":6}}]},"2":{"type":"branch","line":20,"loc":{"start":{"line":20,"column":37},"end":{"line":22,"column":10}},"locations":[{"start":{"line":20,"column":37},"end":{"line":22,"column":10}}]},"3":{"type":"branch","line":22,"loc":{"start":{"line":22,"column":9},"end":{"line":24,"column":66}},"locations":[{"start":{"line":22,"column":9},"end":{"line":24,"column":66}}]},"4":{"type":"branch","line":24,"loc":{"start":{"line":24,"column":66},"end":{"line":37,"column":38}},"locations":[{"start":{"line":24,"column":66},"end":{"line":37,"column":38}}]},"5":{"type":"branch","line":37,"loc":{"start":{"line":37,"column":38},"end":{"line":39,"column":10}},"locations":[{"start":{"line":37,"column":38},"end":{"line":39,"column":10}}]},"6":{"type":"branch","line":39,"loc":{"start":{"line":39,"column":9},"end":{"line":42,"column":5}},"locations":[{"start":{"line":39,"column":9},"end":{"line":42,"column":5}}]}},"b":{"0":[1],"1":[3],"2":[1],"3":[2],"4":[1],"5":[0],"6":[1]},"fnMap":{"0":{"name":"FinishQuestionService","decl":{"start":{"line":12,"column":4},"end":{"line":14,"column":7}},"loc":{"start":{"line":12,"column":4},"end":{"line":14,"column":7}},"line":12},"1":{"name":"execute","decl":{"start":{"line":16,"column":10},"end":{"line":42,"column":6}},"loc":{"start":{"line":16,"column":10},"end":{"line":42,"column":6}},"line":16}},"f":{"0":1,"1":3}}
,"D:\\Dev\\JavaScript\\typescript\\projetos\\nebula\\backend\\src\\application\\useCases\\Question\\GetQuestion\\get-question-service.ts": {"path":"D:\\Dev\\JavaScript\\typescript\\projetos\\nebula\\backend\\src\\application\\useCases\\Question\\GetQuestion\\get-question-service.ts","all":false,"statementMap":{"0":{"start":{"line":1,"column":0},"end":{"line":1,"column":49}},"1":{"start":{"line":2,"column":0},"end":{"line":2,"column":77}},"2":{"start":{"line":3,"column":0},"end":{"line":3,"column":89}},"3":{"start":{"line":4,"column":0},"end":{"line":4,"column":0}},"4":{"start":{"line":5,"column":0},"end":{"line":5,"column":0}},"5":{"start":{"line":6,"column":0},"end":{"line":6,"column":31}},"6":{"start":{"line":7,"column":0},"end":{"line":7,"column":23}},"7":{"start":{"line":8,"column":0},"end":{"line":8,"column":2}},"8":{"start":{"line":9,"column":0},"end":{"line":9,"column":0}},"9":{"start":{"line":10,"column":0},"end":{"line":10,"column":33}},"10":{"start":{"line":11,"column":0},"end":{"line":11,"column":16}},"11":{"start":{"line":12,"column":0},"end":{"line":12,"column":55}},"12":{"start":{"line":13,"column":0},"end":{"line":13,"column":8}},"13":{"start":{"line":14,"column":0},"end":{"line":14,"column":0}},"14":{"start":{"line":15,"column":0},"end":{"line":15,"column":86}},"15":{"start":{"line":16,"column":0},"end":{"line":16,"column":0}},"16":{"start":{"line":17,"column":0},"end":{"line":17,"column":84}},"17":{"start":{"line":18,"column":0},"end":{"line":18,"column":0}},"18":{"start":{"line":19,"column":0},"end":{"line":19,"column":38}},"19":{"start":{"line":20,"column":0},"end":{"line":20,"column":64}},"20":{"start":{"line":21,"column":0},"end":{"line":21,"column":10}},"21":{"start":{"line":22,"column":0},"end":{"line":22,"column":0}},"22":{"start":{"line":23,"column":0},"end":{"line":23,"column":63}},"23":{"start":{"line":24,"column":0},"end":{"line":24,"column":6}},"24":{"start":{"line":25,"column":0},"end":{"line":25,"column":2}}},"s":{"0":1,"1":1,"2":1,"3":1,"4":1,"5":1,"6":1,"7":1,"8":1,"9":1,"10":1,"11":1,"12":1,"13":1,"14":1,"15":2,"16":2,"17":2,"18":2,"19":1,"20":1,"21":1,"22":1,"23":2,"24":1},"branchMap":{"0":{"type":"branch","line":11,"loc":{"start":{"line":11,"column":4},"end":{"line":13,"column":7}},"locations":[{"start":{"line":11,"column":4},"end":{"line":13,"column":7}}]},"1":{"type":"branch","line":15,"loc":{"start":{"line":15,"column":10},"end":{"line":24,"column":6}},"locations":[{"start":{"line":15,"column":10},"end":{"line":24,"column":6}}]},"2":{"type":"branch","line":19,"loc":{"start":{"line":19,"column":37},"end":{"line":24,"column":5}},"locations":[{"start":{"line":19,"column":37},"end":{"line":24,"column":5}}]}},"b":{"0":[1],"1":[2],"2":[1]},"fnMap":{"0":{"name":"GetQuestionService","decl":{"start":{"line":11,"column":4},"end":{"line":13,"column":7}},"loc":{"start":{"line":11,"column":4},"end":{"line":13,"column":7}},"line":11},"1":{"name":"execute","decl":{"start":{"line":15,"column":10},"end":{"line":24,"column":6}},"loc":{"start":{"line":15,"column":10},"end":{"line":24,"column":6}},"line":15}},"f":{"0":1,"1":2}}
,"D:\\Dev\\JavaScript\\typescript\\projetos\\nebula\\backend\\src\\application\\useCases\\Question\\ListQuestions\\list-questions-service.ts": {"path":"D:\\Dev\\JavaScript\\typescript\\projetos\\nebula\\backend\\src\\application\\useCases\\Question\\ListQuestions\\list-questions-service.ts","all":false,"statementMap":{"0":{"start":{"line":1,"column":0},"end":{"line":1,"column":49}},"1":{"start":{"line":2,"column":0},"end":{"line":2,"column":77}},"2":{"start":{"line":3,"column":0},"end":{"line":3,"column":89}},"3":{"start":{"line":4,"column":0},"end":{"line":4,"column":0}},"4":{"start":{"line":5,"column":0},"end":{"line":5,"column":32}},"5":{"start":{"line":6,"column":0},"end":{"line":6,"column":20}},"6":{"start":{"line":7,"column":0},"end":{"line":7,"column":2}},"7":{"start":{"line":8,"column":0},"end":{"line":8,"column":0}},"8":{"start":{"line":9,"column":0},"end":{"line":9,"column":35}},"9":{"start":{"line":10,"column":0},"end":{"line":10,"column":16}},"10":{"start":{"line":11,"column":0},"end":{"line":11,"column":55}},"11":{"start":{"line":12,"column":0},"end":{"line":12,"column":8}},"12":{"start":{"line":13,"column":0},"end":{"line":13,"column":0}},"13":{"start":{"line":14,"column":0},"end":{"line":14,"column":83}},"14":{"start":{"line":15,"column":0},"end":{"line":15,"column":0}},"15":{"start":{"line":16,"column":0},"end":{"line":16,"column":77}},"16":{"start":{"line":17,"column":0},"end":{"line":17,"column":0}},"17":{"start":{"line":18,"column":0},"end":{"line":18,"column":39}},"18":{"start":{"line":19,"column":0},"end":{"line":19,"column":67}},"19":{"start":{"line":20,"column":0},"end":{"line":20,"column":10}},"20":{"start":{"line":21,"column":0},"end":{"line":21,"column":0}},"21":{"start":{"line":22,"column":0},"end":{"line":22,"column":66}},"22":{"start":{"line":23,"column":0},"end":{"line":23,"column":0}},"23":{"start":{"line":24,"column":0},"end":{"line":24,"column":6}},"24":{"start":{"line":25,"column":0},"end":{"line":25,"column":2}}},"s":{"0":1,"1":1,"2":1,"3":1,"4":1,"5":1,"6":1,"7":1,"8":1,"9":1,"10":1,"11":1,"12":1,"13":1,"14":1,"15":1,"16":1,"17":1,"18":0,"19":0,"20":1,"21":1,"22":1,"23":1,"24":1},"branchMap":{"0":{"type":"branch","line":10,"loc":{"start":{"line":10,"column":4},"end":{"line":12,"column":7}},"locations":[{"start":{"line":10,"column":4},"end":{"line":12,"column":7}}]},"1":{"type":"branch","line":14,"loc":{"start":{"line":14,"column":10},"end":{"line":24,"column":6}},"locations":[{"start":{"line":14,"column":10},"end":{"line":24,"column":6}}]},"2":{"type":"branch","line":18,"loc":{"start":{"line":18,"column":38},"end":{"line":20,"column":10}},"locations":[{"start":{"line":18,"column":38},"end":{"line":20,"column":10}}]}},"b":{"0":[1],"1":[1],"2":[0]},"fnMap":{"0":{"name":"ListQuestionsService","decl":{"start":{"line":10,"column":4},"end":{"line":12,"column":7}},"loc":{"start":{"line":10,"column":4},"end":{"line":12,"column":7}},"line":10},"1":{"name":"execute","decl":{"start":{"line":14,"column":10},"end":{"line":24,"column":6}},"loc":{"start":{"line":14,"column":10},"end":{"line":24,"column":6}},"line":14}},"f":{"0":1,"1":1}}
,"D:\\Dev\\JavaScript\\typescript\\projetos\\nebula\\backend\\src\\application\\useCases\\Question\\UpdateQuestion\\update-question-service.ts": {"path":"D:\\Dev\\JavaScript\\typescript\\projetos\\nebula\\backend\\src\\application\\useCases\\Question\\UpdateQuestion\\update-question-service.ts","all":false,"statementMap":{"0":{"start":{"line":1,"column":0},"end":{"line":1,"column":49}},"1":{"start":{"line":2,"column":0},"end":{"line":2,"column":77}},"2":{"start":{"line":3,"column":0},"end":{"line":3,"column":93}},"3":{"start":{"line":4,"column":0},"end":{"line":4,"column":89}},"4":{"start":{"line":5,"column":0},"end":{"line":5,"column":86}},"5":{"start":{"line":6,"column":0},"end":{"line":6,"column":0}},"6":{"start":{"line":7,"column":0},"end":{"line":7,"column":0}},"7":{"start":{"line":8,"column":0},"end":{"line":8,"column":34}},"8":{"start":{"line":9,"column":0},"end":{"line":9,"column":15}},"9":{"start":{"line":10,"column":0},"end":{"line":10,"column":20}},"10":{"start":{"line":11,"column":0},"end":{"line":11,"column":19}},"11":{"start":{"line":12,"column":0},"end":{"line":12,"column":18}},"12":{"start":{"line":13,"column":0},"end":{"line":13,"column":23}},"13":{"start":{"line":14,"column":0},"end":{"line":14,"column":2}},"14":{"start":{"line":15,"column":0},"end":{"line":15,"column":0}},"15":{"start":{"line":16,"column":0},"end":{"line":16,"column":0}},"16":{"start":{"line":17,"column":0},"end":{"line":17,"column":36}},"17":{"start":{"line":18,"column":0},"end":{"line":18,"column":16}},"18":{"start":{"line":19,"column":0},"end":{"line":19,"column":56}},"19":{"start":{"line":20,"column":0},"end":{"line":20,"column":54}},"20":{"start":{"line":21,"column":0},"end":{"line":21,"column":8}},"21":{"start":{"line":22,"column":0},"end":{"line":22,"column":0}},"22":{"start":{"line":23,"column":0},"end":{"line":23,"column":85}},"23":{"start":{"line":24,"column":0},"end":{"line":24,"column":0}},"24":{"start":{"line":25,"column":0},"end":{"line":25,"column":75}},"25":{"start":{"line":26,"column":0},"end":{"line":26,"column":0}},"26":{"start":{"line":27,"column":0},"end":{"line":27,"column":38}},"27":{"start":{"line":28,"column":0},"end":{"line":28,"column":64}},"28":{"start":{"line":29,"column":0},"end":{"line":29,"column":10}},"29":{"start":{"line":30,"column":0},"end":{"line":30,"column":0}},"30":{"start":{"line":31,"column":0},"end":{"line":31,"column":67}},"31":{"start":{"line":32,"column":0},"end":{"line":32,"column":102}},"32":{"start":{"line":33,"column":0},"end":{"line":33,"column":10}},"33":{"start":{"line":34,"column":0},"end":{"line":34,"column":0}},"34":{"start":{"line":35,"column":0},"end":{"line":35,"column":93}},"35":{"start":{"line":36,"column":0},"end":{"line":36,"column":0}},"36":{"start":{"line":37,"column":0},"end":{"line":37,"column":89}},"37":{"start":{"line":38,"column":0},"end":{"line":38,"column":0}},"38":{"start":{"line":39,"column":0},"end":{"line":39,"column":37}},"39":{"start":{"line":40,"column":0},"end":{"line":40,"column":64}},"40":{"start":{"line":41,"column":0},"end":{"line":41,"column":10}},"41":{"start":{"line":42,"column":0},"end":{"line":42,"column":0}},"42":{"start":{"line":43,"column":0},"end":{"line":43,"column":28}},"43":{"start":{"line":44,"column":0},"end":{"line":44,"column":18}},"44":{"start":{"line":45,"column":0},"end":{"line":45,"column":17}},"45":{"start":{"line":46,"column":0},"end":{"line":46,"column":47}},"46":{"start":{"line":47,"column":0},"end":{"line":47,"column":34}},"47":{"start":{"line":48,"column":0},"end":{"line":48,"column":10}},"48":{"start":{"line":49,"column":0},"end":{"line":49,"column":0}},"49":{"start":{"line":50,"column":0},"end":{"line":50,"column":47}},"50":{"start":{"line":51,"column":0},"end":{"line":51,"column":85}},"51":{"start":{"line":52,"column":0},"end":{"line":52,"column":41}},"52":{"start":{"line":53,"column":0},"end":{"line":53,"column":10}},"53":{"start":{"line":54,"column":0},"end":{"line":54,"column":0}},"54":{"start":{"line":55,"column":0},"end":{"line":55,"column":30}},"55":{"start":{"line":56,"column":0},"end":{"line":56,"column":0}},"56":{"start":{"line":57,"column":0},"end":{"line":57,"column":78}},"57":{"start":{"line":58,"column":0},"end":{"line":58,"column":0}},"58":{"start":{"line":59,"column":0},"end":{"line":59,"column":31}},"59":{"start":{"line":60,"column":0},"end":{"line":60,"column":58}},"60":{"start":{"line":61,"column":0},"end":{"line":61,"column":10}},"61":{"start":{"line":62,"column":0},"end":{"line":62,"column":0}},"62":{"start":{"line":63,"column":0},"end":{"line":63,"column":51}},"63":{"start":{"line":64,"column":0},"end":{"line":64,"column":6}},"64":{"start":{"line":65,"column":0},"end":{"line":65,"column":2}}},"s":{"0":1,"1":1,"2":1,"3":1,"4":1,"5":1,"6":1,"7":1,"8":1,"9":1,"10":1,"11":1,"12":1,"13":1,"14":1,"15":1,"16":1,"17":1,"18":1,"19":1,"20":1,"21":1,"22":1,"23":4,"24":4,"25":4,"26":4,"27":1,"28":1,"29":3,"30":4,"31":1,"32":1,"33":2,"34":4,"35":4,"36":4,"37":2,"38":4,"39":1,"40":1,"41":1,"42":1,"43":1,"44":1,"45":1,"46":1,"47":1,"48":1,"49":1,"50":1,"51":1,"52":1,"53":1,"54":1,"55":1,"56":1,"57":1,"58":4,"59":0,"60":0,"61":1,"62":1,"63":4,"64":1},"branchMap":{"0":{"type":"branch","line":18,"loc":{"start":{"line":18,"column":4},"end":{"line":21,"column":7}},"locations":[{"start":{"line":18,"column":4},"end":{"line":21,"column":7}}]},"1":{"type":"branch","line":23,"loc":{"start":{"line":23,"column":10},"end":{"line":64,"column":6}},"locations":[{"start":{"line":23,"column":10},"end":{"line":64,"column":6}}]},"2":{"type":"branch","line":27,"loc":{"start":{"line":27,"column":37},"end":{"line":29,"column":10}},"locations":[{"start":{"line":27,"column":37},"end":{"line":29,"column":10}}]},"3":{"type":"branch","line":29,"loc":{"start":{"line":29,"column":9},"end":{"line":31,"column":66}},"locations":[{"start":{"line":29,"column":9},"end":{"line":31,"column":66}}]},"4":{"type":"branch","line":31,"loc":{"start":{"line":31,"column":66},"end":{"line":33,"column":10}},"locations":[{"start":{"line":31,"column":66},"end":{"line":33,"column":10}}]},"5":{"type":"branch","line":33,"loc":{"start":{"line":33,"column":9},"end":{"line":35,"column":49}},"locations":[{"start":{"line":33,"column":9},"end":{"line":35,"column":49}}]},"6":{"type":"branch","line":35,"loc":{"start":{"line":35,"column":45},"end":{"line":35,"column":92}},"locations":[{"start":{"line":35,"column":45},"end":{"line":35,"column":92}}]},"7":{"type":"branch","line":38,"loc":{"start":{"line":38,"column":-2},"end":{"line":39,"column":36}},"locations":[{"start":{"line":38,"column":-2},"end":{"line":39,"column":36}}]},"8":{"type":"branch","line":39,"loc":{"start":{"line":39,"column":36},"end":{"line":59,"column":30}},"locations":[{"start":{"line":39,"column":36},"end":{"line":59,"column":30}}]},"9":{"type":"branch","line":59,"loc":{"start":{"line":59,"column":30},"end":{"line":61,"column":10}},"locations":[{"start":{"line":59,"column":30},"end":{"line":61,"column":10}}]},"10":{"type":"branch","line":61,"loc":{"start":{"line":61,"column":9},"end":{"line":64,"column":5}},"locations":[{"start":{"line":61,"column":9},"end":{"line":64,"column":5}}]}},"b":{"0":[1],"1":[4],"2":[1],"3":[3],"4":[1],"5":[2],"6":[0],"7":[2],"8":[1],"9":[0],"10":[1]},"fnMap":{"0":{"name":"UpdateQuestionService","decl":{"start":{"line":18,"column":4},"end":{"line":21,"column":7}},"loc":{"start":{"line":18,"column":4},"end":{"line":21,"column":7}},"line":18},"1":{"name":"execute","decl":{"start":{"line":23,"column":10},"end":{"line":64,"column":6}},"loc":{"start":{"line":23,"column":10},"end":{"line":64,"column":6}},"line":23}},"f":{"0":1,"1":4}}
,"D:\\Dev\\JavaScript\\typescript\\projetos\\nebula\\backend\\src\\application\\useCases\\Rank\\GenerateUserRanks\\generate-user-ranks-service.ts": {"path":"D:\\Dev\\JavaScript\\typescript\\projetos\\nebula\\backend\\src\\application\\useCases\\Rank\\GenerateUserRanks\\generate-user-ranks-service.ts","all":false,"statementMap":{"0":{"start":{"line":1,"column":0},"end":{"line":1,"column":73}},"1":{"start":{"line":2,"column":0},"end":{"line":2,"column":49}},"2":{"start":{"line":3,"column":0},"end":{"line":3,"column":77}},"3":{"start":{"line":4,"column":0},"end":{"line":4,"column":86}},"4":{"start":{"line":5,"column":0},"end":{"line":5,"column":87}},"5":{"start":{"line":6,"column":0},"end":{"line":6,"column":0}},"6":{"start":{"line":7,"column":0},"end":{"line":7,"column":0}},"7":{"start":{"line":8,"column":0},"end":{"line":8,"column":35}},"8":{"start":{"line":9,"column":0},"end":{"line":9,"column":20}},"9":{"start":{"line":10,"column":0},"end":{"line":10,"column":2}},"10":{"start":{"line":11,"column":0},"end":{"line":11,"column":0}},"11":{"start":{"line":12,"column":0},"end":{"line":12,"column":0}},"12":{"start":{"line":13,"column":0},"end":{"line":13,"column":39}},"13":{"start":{"line":14,"column":0},"end":{"line":14,"column":0}},"14":{"start":{"line":15,"column":0},"end":{"line":15,"column":16}},"15":{"start":{"line":16,"column":0},"end":{"line":16,"column":66}},"16":{"start":{"line":17,"column":0},"end":{"line":17,"column":54}},"17":{"start":{"line":18,"column":0},"end":{"line":18,"column":48}},"18":{"start":{"line":19,"column":0},"end":{"line":19,"column":8}},"19":{"start":{"line":20,"column":0},"end":{"line":20,"column":0}},"20":{"start":{"line":21,"column":0},"end":{"line":21,"column":95}},"21":{"start":{"line":22,"column":0},"end":{"line":22,"column":0}},"22":{"start":{"line":23,"column":0},"end":{"line":23,"column":79}},"23":{"start":{"line":24,"column":0},"end":{"line":24,"column":0}},"24":{"start":{"line":25,"column":0},"end":{"line":25,"column":34}},"25":{"start":{"line":26,"column":0},"end":{"line":26,"column":70}},"26":{"start":{"line":27,"column":0},"end":{"line":27,"column":10}},"27":{"start":{"line":28,"column":0},"end":{"line":28,"column":0}},"28":{"start":{"line":29,"column":0},"end":{"line":29,"column":68}},"29":{"start":{"line":30,"column":0},"end":{"line":30,"column":0}},"30":{"start":{"line":31,"column":0},"end":{"line":31,"column":38}},"31":{"start":{"line":32,"column":0},"end":{"line":32,"column":74}},"32":{"start":{"line":33,"column":0},"end":{"line":33,"column":10}},"33":{"start":{"line":34,"column":0},"end":{"line":34,"column":0}},"34":{"start":{"line":35,"column":0},"end":{"line":35,"column":80}},"35":{"start":{"line":36,"column":0},"end":{"line":36,"column":122}},"36":{"start":{"line":37,"column":0},"end":{"line":37,"column":0}},"37":{"start":{"line":38,"column":0},"end":{"line":38,"column":125}},"38":{"start":{"line":39,"column":0},"end":{"line":39,"column":0}},"39":{"start":{"line":40,"column":0},"end":{"line":40,"column":35}},"40":{"start":{"line":41,"column":0},"end":{"line":41,"column":71}},"41":{"start":{"line":42,"column":0},"end":{"line":42,"column":10}},"42":{"start":{"line":43,"column":0},"end":{"line":43,"column":0}},"43":{"start":{"line":44,"column":0},"end":{"line":44,"column":78}},"44":{"start":{"line":45,"column":0},"end":{"line":45,"column":6}},"45":{"start":{"line":46,"column":0},"end":{"line":46,"column":2}}},"s":{"0":1,"1":1,"2":1,"3":1,"4":1,"5":1,"6":1,"7":1,"8":1,"9":1,"10":1,"11":1,"12":1,"13":1,"14":1,"15":1,"16":1,"17":1,"18":1,"19":1,"20":1,"21":2,"22":2,"23":2,"24":2,"25":1,"26":1,"27":1,"28":1,"29":1,"30":2,"31":0,"32":0,"33":1,"34":1,"35":2,"36":1,"37":1,"38":1,"39":2,"40":0,"41":0,"42":1,"43":1,"44":2,"45":1},"branchMap":{"0":{"type":"branch","line":15,"loc":{"start":{"line":15,"column":4},"end":{"line":19,"column":7}},"locations":[{"start":{"line":15,"column":4},"end":{"line":19,"column":7}}]},"1":{"type":"branch","line":21,"loc":{"start":{"line":21,"column":10},"end":{"line":45,"column":6}},"locations":[{"start":{"line":21,"column":10},"end":{"line":45,"column":6}}]},"2":{"type":"branch","line":25,"loc":{"start":{"line":25,"column":33},"end":{"line":31,"column":37}},"locations":[{"start":{"line":25,"column":33},"end":{"line":31,"column":37}}]},"3":{"type":"branch","line":31,"loc":{"start":{"line":31,"column":37},"end":{"line":33,"column":10}},"locations":[{"start":{"line":31,"column":37},"end":{"line":33,"column":10}}]},"4":{"type":"branch","line":33,"loc":{"start":{"line":33,"column":9},"end":{"line":36,"column":59}},"locations":[{"start":{"line":33,"column":9},"end":{"line":36,"column":59}}]},"5":{"type":"branch","line":36,"loc":{"start":{"line":36,"column":52},"end":{"line":36,"column":122}},"locations":[{"start":{"line":36,"column":52},"end":{"line":36,"column":122}}]},"6":{"type":"branch","line":37,"loc":{"start":{"line":37,"column":-2},"end":{"line":40,"column":34}},"locations":[{"start":{"line":37,"column":-2},"end":{"line":40,"column":34}}]},"7":{"type":"branch","line":40,"loc":{"start":{"line":40,"column":34},"end":{"line":42,"column":10}},"locations":[{"start":{"line":40,"column":34},"end":{"line":42,"column":10}}]},"8":{"type":"branch","line":42,"loc":{"start":{"line":42,"column":9},"end":{"line":45,"column":5}},"locations":[{"start":{"line":42,"column":9},"end":{"line":45,"column":5}}]}},"b":{"0":[1],"1":[2],"2":[1],"3":[0],"4":[1],"5":[0],"6":[1],"7":[0],"8":[1]},"fnMap":{"0":{"name":"GenerateUserRanksService","decl":{"start":{"line":15,"column":4},"end":{"line":19,"column":7}},"loc":{"start":{"line":15,"column":4},"end":{"line":19,"column":7}},"line":15},"1":{"name":"execute","decl":{"start":{"line":21,"column":10},"end":{"line":45,"column":6}},"loc":{"start":{"line":21,"column":10},"end":{"line":45,"column":6}},"line":21}},"f":{"0":1,"1":2}}
,"D:\\Dev\\JavaScript\\typescript\\projetos\\nebula\\backend\\src\\application\\useCases\\Rank\\GenereateSubjectRanks\\generate-subject-ranks-service.ts": {"path":"D:\\Dev\\JavaScript\\typescript\\projetos\\nebula\\backend\\src\\application\\useCases\\Rank\\GenereateSubjectRanks\\generate-subject-ranks-service.ts","all":false,"statementMap":{"0":{"start":{"line":1,"column":0},"end":{"line":1,"column":73}},"1":{"start":{"line":2,"column":0},"end":{"line":2,"column":49}},"2":{"start":{"line":3,"column":0},"end":{"line":3,"column":77}},"3":{"start":{"line":4,"column":0},"end":{"line":4,"column":86}},"4":{"start":{"line":5,"column":0},"end":{"line":5,"column":84}},"5":{"start":{"line":6,"column":0},"end":{"line":6,"column":0}},"6":{"start":{"line":7,"column":0},"end":{"line":7,"column":0}},"7":{"start":{"line":8,"column":0},"end":{"line":8,"column":38}},"8":{"start":{"line":9,"column":0},"end":{"line":9,"column":22}},"9":{"start":{"line":10,"column":0},"end":{"line":10,"column":2}},"10":{"start":{"line":11,"column":0},"end":{"line":11,"column":0}},"11":{"start":{"line":12,"column":0},"end":{"line":12,"column":0}},"12":{"start":{"line":13,"column":0},"end":{"line":13,"column":42}},"13":{"start":{"line":14,"column":0},"end":{"line":14,"column":0}},"14":{"start":{"line":15,"column":0},"end":{"line":15,"column":16}},"15":{"start":{"line":16,"column":0},"end":{"line":16,"column":54}},"16":{"start":{"line":17,"column":0},"end":{"line":17,"column":60}},"17":{"start":{"line":18,"column":0},"end":{"line":18,"column":48}},"18":{"start":{"line":19,"column":0},"end":{"line":19,"column":8}},"19":{"start":{"line":20,"column":0},"end":{"line":20,"column":0}},"20":{"start":{"line":21,"column":0},"end":{"line":21,"column":101}},"21":{"start":{"line":22,"column":0},"end":{"line":22,"column":0}},"22":{"start":{"line":23,"column":0},"end":{"line":23,"column":81}},"23":{"start":{"line":24,"column":0},"end":{"line":24,"column":0}},"24":{"start":{"line":25,"column":0},"end":{"line":25,"column":37}},"25":{"start":{"line":26,"column":0},"end":{"line":26,"column":73}},"26":{"start":{"line":27,"column":0},"end":{"line":27,"column":10}},"27":{"start":{"line":28,"column":0},"end":{"line":28,"column":0}},"28":{"start":{"line":29,"column":0},"end":{"line":29,"column":70}},"29":{"start":{"line":30,"column":0},"end":{"line":30,"column":0}},"30":{"start":{"line":31,"column":0},"end":{"line":31,"column":35}},"31":{"start":{"line":32,"column":0},"end":{"line":32,"column":71}},"32":{"start":{"line":33,"column":0},"end":{"line":33,"column":10}},"33":{"start":{"line":34,"column":0},"end":{"line":34,"column":0}},"34":{"start":{"line":35,"column":0},"end":{"line":35,"column":128}},"35":{"start":{"line":36,"column":0},"end":{"line":36,"column":0}},"36":{"start":{"line":37,"column":0},"end":{"line":37,"column":35}},"37":{"start":{"line":38,"column":0},"end":{"line":38,"column":71}},"38":{"start":{"line":39,"column":0},"end":{"line":39,"column":10}},"39":{"start":{"line":40,"column":0},"end":{"line":40,"column":0}},"40":{"start":{"line":41,"column":0},"end":{"line":41,"column":78}},"41":{"start":{"line":42,"column":0},"end":{"line":42,"column":6}},"42":{"start":{"line":43,"column":0},"end":{"line":43,"column":2}}},"s":{"0":1,"1":1,"2":1,"3":1,"4":1,"5":1,"6":1,"7":1,"8":1,"9":1,"10":1,"11":1,"12":1,"13":1,"14":1,"15":1,"16":1,"17":1,"18":1,"19":1,"20":1,"21":2,"22":2,"23":2,"24":2,"25":1,"26":1,"27":1,"28":1,"29":1,"30":2,"31":0,"32":0,"33":1,"34":1,"35":1,"36":2,"37":0,"38":0,"39":1,"40":1,"41":2,"42":1},"branchMap":{"0":{"type":"branch","line":15,"loc":{"start":{"line":15,"column":4},"end":{"line":19,"column":7}},"locations":[{"start":{"line":15,"column":4},"end":{"line":19,"column":7}}]},"1":{"type":"branch","line":21,"loc":{"start":{"line":21,"column":10},"end":{"line":42,"column":6}},"locations":[{"start":{"line":21,"column":10},"end":{"line":42,"column":6}}]},"2":{"type":"branch","line":25,"loc":{"start":{"line":25,"column":36},"end":{"line":31,"column":34}},"locations":[{"start":{"line":25,"column":36},"end":{"line":31,"column":34}}]},"3":{"type":"branch","line":31,"loc":{"start":{"line":31,"column":34},"end":{"line":33,"column":10}},"locations":[{"start":{"line":31,"column":34},"end":{"line":33,"column":10}}]},"4":{"type":"branch","line":33,"loc":{"start":{"line":33,"column":9},"end":{"line":37,"column":34}},"locations":[{"start":{"line":33,"column":9},"end":{"line":37,"column":34}}]},"5":{"type":"branch","line":37,"loc":{"start":{"line":37,"column":34},"end":{"line":39,"column":10}},"locations":[{"start":{"line":37,"column":34},"end":{"line":39,"column":10}}]},"6":{"type":"branch","line":39,"loc":{"start":{"line":39,"column":9},"end":{"line":42,"column":5}},"locations":[{"start":{"line":39,"column":9},"end":{"line":42,"column":5}}]}},"b":{"0":[1],"1":[2],"2":[1],"3":[0],"4":[1],"5":[0],"6":[1]},"fnMap":{"0":{"name":"GenerateSubjectRanksService","decl":{"start":{"line":15,"column":4},"end":{"line":19,"column":7}},"loc":{"start":{"line":15,"column":4},"end":{"line":19,"column":7}},"line":15},"1":{"name":"execute","decl":{"start":{"line":21,"column":10},"end":{"line":42,"column":6}},"loc":{"start":{"line":21,"column":10},"end":{"line":42,"column":6}},"line":21}},"f":{"0":1,"1":2}}
,"D:\\Dev\\JavaScript\\typescript\\projetos\\nebula\\backend\\src\\application\\useCases\\Rank\\ListRanksBySubject\\list-ranks-by-subject-service.ts": {"path":"D:\\Dev\\JavaScript\\typescript\\projetos\\nebula\\backend\\src\\application\\useCases\\Rank\\ListRanksBySubject\\list-ranks-by-subject-service.ts","all":false,"statementMap":{"0":{"start":{"line":1,"column":0},"end":{"line":1,"column":49}},"1":{"start":{"line":2,"column":0},"end":{"line":2,"column":56}},"2":{"start":{"line":3,"column":0},"end":{"line":3,"column":77}},"3":{"start":{"line":4,"column":0},"end":{"line":4,"column":86}},"4":{"start":{"line":5,"column":0},"end":{"line":5,"column":0}},"5":{"start":{"line":6,"column":0},"end":{"line":6,"column":0}},"6":{"start":{"line":7,"column":0},"end":{"line":7,"column":36}},"7":{"start":{"line":8,"column":0},"end":{"line":8,"column":23}},"8":{"start":{"line":9,"column":0},"end":{"line":9,"column":2}},"9":{"start":{"line":10,"column":0},"end":{"line":10,"column":0}},"10":{"start":{"line":11,"column":0},"end":{"line":11,"column":39}},"11":{"start":{"line":12,"column":0},"end":{"line":12,"column":0}},"12":{"start":{"line":13,"column":0},"end":{"line":13,"column":16}},"13":{"start":{"line":14,"column":0},"end":{"line":14,"column":55}},"14":{"start":{"line":15,"column":0},"end":{"line":15,"column":48}},"15":{"start":{"line":16,"column":0},"end":{"line":16,"column":8}},"16":{"start":{"line":17,"column":0},"end":{"line":17,"column":0}},"17":{"start":{"line":18,"column":0},"end":{"line":18,"column":87}},"18":{"start":{"line":19,"column":0},"end":{"line":19,"column":0}},"19":{"start":{"line":20,"column":0},"end":{"line":20,"column":81}},"20":{"start":{"line":21,"column":0},"end":{"line":21,"column":0}},"21":{"start":{"line":22,"column":0},"end":{"line":22,"column":39}},"22":{"start":{"line":23,"column":0},"end":{"line":23,"column":37}},"23":{"start":{"line":24,"column":0},"end":{"line":24,"column":61}},"24":{"start":{"line":25,"column":0},"end":{"line":25,"column":10}},"25":{"start":{"line":26,"column":0},"end":{"line":26,"column":0}},"26":{"start":{"line":27,"column":0},"end":{"line":27,"column":104}},"27":{"start":{"line":28,"column":0},"end":{"line":28,"column":0}},"28":{"start":{"line":29,"column":0},"end":{"line":29,"column":62}},"29":{"start":{"line":30,"column":0},"end":{"line":30,"column":35}},"30":{"start":{"line":31,"column":0},"end":{"line":31,"column":59}},"31":{"start":{"line":32,"column":0},"end":{"line":32,"column":10}},"32":{"start":{"line":33,"column":0},"end":{"line":33,"column":0}},"33":{"start":{"line":34,"column":0},"end":{"line":34,"column":58}},"34":{"start":{"line":35,"column":0},"end":{"line":35,"column":6}},"35":{"start":{"line":36,"column":0},"end":{"line":36,"column":2}}},"s":{"0":1,"1":1,"2":1,"3":1,"4":1,"5":1,"6":1,"7":1,"8":1,"9":1,"10":1,"11":1,"12":1,"13":1,"14":1,"15":1,"16":1,"17":1,"18":2,"19":2,"20":2,"21":2,"22":2,"23":1,"24":1,"25":1,"26":1,"27":1,"28":1,"29":2,"30":0,"31":0,"32":1,"33":1,"34":2,"35":1},"branchMap":{"0":{"type":"branch","line":13,"loc":{"start":{"line":13,"column":4},"end":{"line":16,"column":7}},"locations":[{"start":{"line":13,"column":4},"end":{"line":16,"column":7}}]},"1":{"type":"branch","line":18,"loc":{"start":{"line":18,"column":10},"end":{"line":35,"column":6}},"locations":[{"start":{"line":18,"column":10},"end":{"line":35,"column":6}}]},"2":{"type":"branch","line":23,"loc":{"start":{"line":23,"column":36},"end":{"line":30,"column":34}},"locations":[{"start":{"line":23,"column":36},"end":{"line":30,"column":34}}]},"3":{"type":"branch","line":30,"loc":{"start":{"line":30,"column":34},"end":{"line":32,"column":10}},"locations":[{"start":{"line":30,"column":34},"end":{"line":32,"column":10}}]},"4":{"type":"branch","line":32,"loc":{"start":{"line":32,"column":9},"end":{"line":35,"column":5}},"locations":[{"start":{"line":32,"column":9},"end":{"line":35,"column":5}}]}},"b":{"0":[1],"1":[2],"2":[1],"3":[0],"4":[1]},"fnMap":{"0":{"name":"ListRanksBySubjectService","decl":{"start":{"line":13,"column":4},"end":{"line":16,"column":7}},"loc":{"start":{"line":13,"column":4},"end":{"line":16,"column":7}},"line":13},"1":{"name":"execute","decl":{"start":{"line":18,"column":10},"end":{"line":35,"column":6}},"loc":{"start":{"line":18,"column":10},"end":{"line":35,"column":6}},"line":18}},"f":{"0":1,"1":2}}
,"D:\\Dev\\JavaScript\\typescript\\projetos\\nebula\\backend\\src\\application\\useCases\\Rank\\UpdateUserPoints\\update-user-points-service.ts": {"path":"D:\\Dev\\JavaScript\\typescript\\projetos\\nebula\\backend\\src\\application\\useCases\\Rank\\UpdateUserPoints\\update-user-points-service.ts","all":false,"statementMap":{"0":{"start":{"line":1,"column":0},"end":{"line":1,"column":77}},"1":{"start":{"line":2,"column":0},"end":{"line":2,"column":49}},"2":{"start":{"line":3,"column":0},"end":{"line":3,"column":56}},"3":{"start":{"line":4,"column":0},"end":{"line":4,"column":87}},"4":{"start":{"line":5,"column":0},"end":{"line":5,"column":86}},"5":{"start":{"line":6,"column":0},"end":{"line":6,"column":0}},"6":{"start":{"line":7,"column":0},"end":{"line":7,"column":0}},"7":{"start":{"line":8,"column":0},"end":{"line":8,"column":33}},"8":{"start":{"line":9,"column":0},"end":{"line":9,"column":20}},"9":{"start":{"line":10,"column":0},"end":{"line":10,"column":23}},"10":{"start":{"line":11,"column":0},"end":{"line":11,"column":19}},"11":{"start":{"line":12,"column":0},"end":{"line":12,"column":2}},"12":{"start":{"line":13,"column":0},"end":{"line":13,"column":0}},"13":{"start":{"line":14,"column":0},"end":{"line":14,"column":0}},"14":{"start":{"line":15,"column":0},"end":{"line":15,"column":38}},"15":{"start":{"line":16,"column":0},"end":{"line":16,"column":0}},"16":{"start":{"line":17,"column":0},"end":{"line":17,"column":16}},"17":{"start":{"line":18,"column":0},"end":{"line":18,"column":65}},"18":{"start":{"line":19,"column":0},"end":{"line":19,"column":55}},"19":{"start":{"line":20,"column":0},"end":{"line":20,"column":48}},"20":{"start":{"line":21,"column":0},"end":{"line":21,"column":8}},"21":{"start":{"line":22,"column":0},"end":{"line":22,"column":0}},"22":{"start":{"line":23,"column":0},"end":{"line":23,"column":101}},"23":{"start":{"line":24,"column":0},"end":{"line":24,"column":0}},"24":{"start":{"line":25,"column":0},"end":{"line":25,"column":79}},"25":{"start":{"line":26,"column":0},"end":{"line":26,"column":0}},"26":{"start":{"line":27,"column":0},"end":{"line":27,"column":34}},"27":{"start":{"line":28,"column":0},"end":{"line":28,"column":56}},"28":{"start":{"line":29,"column":0},"end":{"line":29,"column":10}},"29":{"start":{"line":30,"column":0},"end":{"line":30,"column":0}},"30":{"start":{"line":31,"column":0},"end":{"line":31,"column":81}},"31":{"start":{"line":32,"column":0},"end":{"line":32,"column":0}},"32":{"start":{"line":33,"column":0},"end":{"line":33,"column":37}},"33":{"start":{"line":34,"column":0},"end":{"line":34,"column":59}},"34":{"start":{"line":35,"column":0},"end":{"line":35,"column":10}},"35":{"start":{"line":36,"column":0},"end":{"line":36,"column":0}},"36":{"start":{"line":37,"column":0},"end":{"line":37,"column":34}},"37":{"start":{"line"
[...]
5}},"11":{"start":{"line":12,"column":0},"end":{"line":12,"column":62}},"12":{"start":{"line":13,"column":0},"end":{"line":13,"column":3}},"13":{"start":{"line":14,"column":0},"end":{"line":14,"column":77}},"14":{"start":{"line":15,"column":0},"end":{"line":15,"column":0}},"15":{"start":{"line":16,"column":0},"end":{"line":16,"column":77}},"16":{"start":{"line":17,"column":0},"end":{"line":17,"column":82}},"17":{"start":{"line":18,"column":0},"end":{"line":18,"column":5}},"18":{"start":{"line":19,"column":0},"end":{"line":19,"column":0}},"19":{"start":{"line":20,"column":0},"end":{"line":20,"column":77}},"20":{"start":{"line":21,"column":0},"end":{"line":21,"column":58}},"21":{"start":{"line":22,"column":0},"end":{"line":22,"column":0}},"22":{"start":{"line":23,"column":0},"end":{"line":23,"column":101}},"23":{"start":{"line":24,"column":0},"end":{"line":24,"column":0}},"24":{"start":{"line":25,"column":0},"end":{"line":25,"column":57}},"25":{"start":{"line":26,"column":0},"end":{"line":26,"column":2}}},"s":{"0":1,"1":1,"2":1,"3":1,"4":1,"5":1,"6":1,"7":1,"8":1,"9":1,"10":1,"11":1,"12":1,"13":8,"14":8,"15":8,"16":3,"17":3,"18":5,"19":5,"20":5,"21":5,"22":8,"23":3,"24":3,"25":3},"branchMap":{"0":{"type":"branch","line":14,"loc":{"start":{"line":14,"column":0},"end":{"line":26,"column":2}},"locations":[{"start":{"line":14,"column":0},"end":{"line":26,"column":2}}]},"1":{"type":"branch","line":16,"loc":{"start":{"line":16,"column":30},"end":{"line":16,"column":75}},"locations":[{"start":{"line":16,"column":30},"end":{"line":16,"column":75}}]},"2":{"type":"branch","line":16,"loc":{"start":{"line":16,"column":76},"end":{"line":23,"column":24}},"locations":[{"start":{"line":16,"column":76},"end":{"line":23,"column":24}}]},"3":{"type":"branch","line":16,"loc":{"start":{"line":16,"column":76},"end":{"line":18,"column":5}},"locations":[{"start":{"line":16,"column":76},"end":{"line":18,"column":5}}]},"4":{"type":"branch","line":19,"loc":{"start":{"line":19,"column":-2},"end":{"line":23,"column":18}},"locations":[{"start":{"line":19,"column":-2},"end":{"line":23,"column":18}}]},"5":{"type":"branch","line":23,"loc":{"start":{"line":23,"column":14},"end":{"line":23,"column":24}},"locations":[{"start":{"line":23,"column":14},"end":{"line":23,"column":24}}]},"6":{"type":"branch","line":23,"loc":{"start":{"line":23,"column":26},"end":{"line":26,"column":2}},"locations":[{"start":{"line":23,"column":26},"end":{"line":26,"column":2}}]},"7":{"type":"branch","line":23,"loc":{"start":{"line":23,"column":26},"end":{"line":23,"column":101}},"locations":[{"start":{"line":23,"column":26},"end":{"line":23,"column":101}}]},"8":{"type":"branch","line":24,"loc":{"start":{"line":24,"column":-2},"end":{"line":26,"column":2}},"locations":[{"start":{"line":24,"column":-2},"end":{"line":26,"column":2}}]}},"b":{"0":[8],"1":[7],"2":[7],"3":[3],"4":[5],"5":[4],"6":[4],"7":[2],"8":[3]},"fnMap":{"0":{"name":"extractFilterAndValue","decl":{"start":{"line":14,"column":0},"end":{"line":26,"column":2}},"loc":{"start":{"line":14,"column":0},"end":{"line":26,"column":2}},"line":14}},"f":{"0":8}}
,"D:\\Dev\\JavaScript\\typescript\\projetos\\nebula\\backend\\src\\utils\\prisma-filters\\field-normalizer\\index.ts": {"path":"D:\\Dev\\JavaScript\\typescript\\projetos\\nebula\\backend\\src\\utils\\prisma-filters\\field-normalizer\\index.ts","all":false,"statementMap":{"0":{"start":{"line":1,"column":0},"end":{"line":1,"column":42}},"1":{"start":{"line":2,"column":0},"end":{"line":2,"column":70}},"2":{"start":{"line":3,"column":0},"end":{"line":3,"column":79}},"3":{"start":{"line":4,"column":0},"end":{"line":4,"column":68}},"4":{"start":{"line":5,"column":0},"end":{"line":5,"column":64}},"5":{"start":{"line":6,"column":0},"end":{"line":6,"column":0}},"6":{"start":{"line":7,"column":0},"end":{"line":7,"column":52}},"7":{"start":{"line":8,"column":0},"end":{"line":8,"column":33}},"8":{"start":{"line":9,"column":0},"end":{"line":9,"column":2}},"9":{"start":{"line":10,"column":0},"end":{"line":10,"column":0}},"10":{"start":{"line":11,"column":0},"end":{"line":11,"column":26}},"11":{"start":{"line":12,"column":0},"end":{"line":12,"column":80}},"12":{"start":{"line":13,"column":0},"end":{"line":13,"column":88}},"13":{"start":{"line":14,"column":0},"end":{"line":14,"column":75}},"14":{"start":{"line":15,"column":0},"end":{"line":15,"column":80}},"15":{"start":{"line":16,"column":0},"end":{"line":16,"column":58}},"16":{"start":{"line":17,"column":0},"end":{"line":17,"column":2}},"17":{"start":{"line":18,"column":0},"end":{"line":18,"column":0}},"18":{"start":{"line":19,"column":0},"end":{"line":19,"column":49}},"19":{"start":{"line":20,"column":0},"end":{"line":20,"column":48}},"20":{"start":{"line":21,"column":0},"end":{"line":21,"column":42}},"21":{"start":{"line":22,"column":0},"end":{"line":22,"column":63}},"22":{"start":{"line":23,"column":0},"end":{"line":23,"column":50}},"23":{"start":{"line":24,"column":0},"end":{"line":24,"column":19}},"24":{"start":{"line":25,"column":0},"end":{"line":25,"column":2}},"25":{"start":{"line":26,"column":0},"end":{"line":26,"column":0}},"26":{"start":{"line":27,"column":0},"end":{"line":27,"column":3}},"27":{"start":{"line":28,"column":0},"end":{"line":28,"column":53}},"28":{"start":{"line":29,"column":0},"end":{"line":29,"column":29}},"29":{"start":{"line":30,"column":0},"end":{"line":30,"column":33}},"30":{"start":{"line":31,"column":0},"end":{"line":31,"column":31}},"31":{"start":{"line":32,"column":0},"end":{"line":32,"column":3}},"32":{"start":{"line":33,"column":0},"end":{"line":33,"column":57}},"33":{"start":{"line":34,"column":0},"end":{"line":34,"column":4}},"34":{"start":{"line":35,"column":0},"end":{"line":35,"column":18}},"35":{"start":{"line":36,"column":0},"end":{"line":36,"column":0}},"36":{"start":{"line":37,"column":0},"end":{"line":37,"column":56}},"37":{"start":{"line":38,"column":0},"end":{"line":38,"column":0}},"38":{"start":{"line":39,"column":0},"end":{"line":39,"column":66}},"39":{"start":{"line":40,"column":0},"end":{"line":40,"column":0}},"40":{"start":{"line":41,"column":0},"end":{"line":41,"column":39}},"41":{"start":{"line":42,"column":0},"end":{"line":42,"column":0}},"42":{"start":{"line":43,"column":0},"end":{"line":43,"column":27}},"43":{"start":{"line":44,"column":0},"end":{"line":44,"column":40}},"44":{"start":{"line":45,"column":0},"end":{"line":45,"column":6}},"45":{"start":{"line":46,"column":0},"end":{"line":46,"column":0}},"46":{"start":{"line":47,"column":0},"end":{"line":47,"column":36}},"47":{"start":{"line":48,"column":0},"end":{"line":48,"column":0}},"48":{"start":{"line":49,"column":0},"end":{"line":49,"column":16}},"49":{"start":{"line":50,"column":0},"end":{"line":50,"column":0}},"50":{"start":{"line":51,"column":0},"end":{"line":51,"column":2}}},"s":{"0":1,"1":1,"2":1,"3":1,"4":1,"5":1,"6":1,"7":1,"8":1,"9":1,"10":1,"11":1,"12":1,"13":1,"14":1,"15":1,"16":1,"17":1,"18":1,"19":1,"20":1,"21":1,"22":1,"23":1,"24":1,"25":1,"26":1,"27":1,"28":1,"29":1,"30":1,"31":1,"32":1,"33":1,"34":1,"35":1,"36":1,"37":1,"38":1,"39":1,"40":1,"41":1,"42":1,"43":0,"44":0,"45":1,"46":1,"47":1,"48":1,"49":1,"50":1},"branchMap":{"0":{"type":"branch","line":7,"loc":{"start":{"line":7,"column":0},"end":{"line":9,"column":2}},"locations":[{"start":{"line":7,"column":0},"end":{"line":9,"column":2}}]},"1":{"type":"branch","line":19,"loc":{"start":{"line":19,"column":0},"end":{"line":25,"column":2}},"locations":[{"start":{"line":19,"column":0},"end":{"line":25,"column":2}}]},"2":{"type":"branch","line":20,"loc":{"start":{"line":20,"column":34},"end":{"line":20,"column":48}},"locations":[{"start":{"line":20,"column":34},"end":{"line":20,"column":48}}]},"3":{"type":"branch","line":21,"loc":{"start":{"line":21,"column":25},"end":{"line":21,"column":42}},"locations":[{"start":{"line":21,"column":25},"end":{"line":21,"column":42}}]},"4":{"type":"branch","line":22,"loc":{"start":{"line":22,"column":46},"end":{"line":22,"column":63}},"locations":[{"start":{"line":22,"column":46},"end":{"line":22,"column":63}}]},"5":{"type":"branch","line":23,"loc":{"start":{"line":23,"column":36},"end":{"line":23,"column":50}},"locations":[{"start":{"line":23,"column":36},"end":{"line":23,"column":50}}]},"6":{"type":"branch","line":33,"loc":{"start":{"line":33,"column":0},"end":{"line":51,"column":2}},"locations":[{"start":{"line":33,"column":0},"end":{"line":51,"column":2}}]},"7":{"type":"branch","line":37,"loc":{"start":{"line":37,"column":44},"end":{"line":37,"column":56}},"locations":[{"start":{"line":37,"column":44},"end":{"line":37,"column":56}}]},"8":{"type":"branch","line":43,"loc":{"start":{"line":43,"column":26},"end":{"line":45,"column":6}},"locations":[{"start":{"line":43,"column":26},"end":{"line":45,"column":6}}]}},"b":{"0":[1],"1":[1],"2":[0],"3":[0],"4":[0],"5":[0],"6":[1],"7":[0],"8":[0]},"fnMap":{"0":{"name":"basicNormalizer","decl":{"start":{"line":7,"column":0},"end":{"line":9,"column":2}},"loc":{"start":{"line":7,"column":0},"end":{"line":9,"column":2}},"line":7},"1":{"name":"getNormalizerType","decl":{"start":{"line":19,"column":0},"end":{"line":25,"column":2}},"loc":{"start":{"line":19,"column":0},"end":{"line":25,"column":2}},"line":19},"2":{"name":"fieldNormalizer","decl":{"start":{"line":33,"column":0},"end":{"line":51,"column":2}},"loc":{"start":{"line":33,"column":0},"end":{"line":51,"column":2}},"line":33}},"f":{"0":1,"1":1,"2":1}}
,"D:\\Dev\\JavaScript\\typescript\\projetos\\nebula\\backend\\src\\utils\\prisma-filters\\normalizers\\boolean-normalizer\\index.ts": {"path":"D:\\Dev\\JavaScript\\typescript\\projetos\\nebula\\backend\\src\\utils\\prisma-filters\\normalizers\\boolean-normalizer\\index.ts","all":false,"statementMap":{"0":{"start":{"line":1,"column":0},"end":{"line":1,"column":45}},"1":{"start":{"line":2,"column":0},"end":{"line":2,"column":0}},"2":{"start":{"line":3,"column":0},"end":{"line":3,"column":3}},"3":{"start":{"line":4,"column":0},"end":{"line":4,"column":3}},"4":{"start":{"line":5,"column":0},"end":{"line":5,"column":52}},"5":{"start":{"line":6,"column":0},"end":{"line":6,"column":27}},"6":{"start":{"line":7,"column":0},"end":{"line":7,"column":3}},"7":{"start":{"line":8,"column":0},"end":{"line":8,"column":67}},"8":{"start":{"line":9,"column":0},"end":{"line":9,"column":48}},"9":{"start":{"line":10,"column":0},"end":{"line":10,"column":2}}},"s":{"0":1,"1":1,"2":1,"3":1,"4":1,"5":1,"6":1,"7":2,"8":2,"9":2},"branchMap":{"0":{"type":"branch","line":8,"loc":{"start":{"line":8,"column":0},"end":{"line":10,"column":2}},"locations":[{"start":{"line":8,"column":0},"end":{"line":10,"column":2}}]}},"b":{"0":[2]},"fnMap":{"0":{"name":"booleanNormalizer","decl":{"start":{"line":8,"column":0},"end":{"line":10,"column":2}},"loc":{"start":{"line":8,"column":0},"end":{"line":10,"column":2}},"line":8}},"f":{"0":2}}
,"D:\\Dev\\JavaScript\\typescript\\projetos\\nebula\\backend\\src\\utils\\prisma-filters\\normalizers\\date-normalizer\\index.ts": {"path":"D:\\Dev\\JavaScript\\typescript\\projetos\\nebula\\backend\\src\\utils\\prisma-filters\\normalizers\\date-normalizer\\index.ts","all":false,"statementMap":{"0":{"start":{"line":1,"column":0},"end":{"line":1,"column":45}},"1":{"start":{"line":2,"column":0},"end":{"line":2,"column":0}},"2":{"start":{"line":3,"column":0},"end":{"line":3,"column":135}},"3":{"start":{"line":4,"column":0},"end":{"line":4,"column":0}},"4":{"start":{"line":5,"column":0},"end":{"line":5,"column":53}},"5":{"start":{"line":6,"column":0},"end":{"line":6,"column":43}},"6":{"start":{"line":7,"column":0},"end":{"line":7,"column":2}}},"s":{"0":1,"1":1,"2":1,"3":1,"4":0,"5":0,"6":0},"branchMap":{},"b":{},"fnMap":{"0":{"name":"dateNormalizer","decl":{"start":{"line":5,"column":0},"end":{"line":7,"column":2}},"loc":{"start":{"line":5,"column":0},"end":{"line":7,"column":2}},"line":5}},"f":{"0":0}}
,"D:\\Dev\\JavaScript\\typescript\\projetos\\nebula\\backend\\src\\utils\\prisma-filters\\normalizers\\filter-normalizer\\index.ts": {"path":"D:\\Dev\\JavaScript\\typescript\\projetos\\nebula\\backend\\src\\utils\\prisma-filters\\normalizers\\filter-normalizer\\index.ts","all":false,"statementMap":{"0":{"start":{"line":1,"column":0},"end":{"line":1,"column":45}},"1":{"start":{"line":2,"column":0},"end":{"line":2,"column":96}},"2":{"start":{"line":3,"column":0},"end":{"line":3,"column":57}},"3":{"start":{"line":4,"column":0},"end":{"line":4,"column":0}},"4":{"start":{"line":5,"column":0},"end":{"line":5,"column":19}},"5":{"start":{"line":6,"column":0},"end":{"line":6,"column":28}},"6":{"start":{"line":7,"column":0},"end":{"line":7,"column":1}},"7":{"start":{"line":8,"column":0},"end":{"line":8,"column":0}},"8":{"start":{"line":9,"column":0},"end":{"line":9,"column":29}},"9":{"start":{"line":10,"column":0},"end":{"line":10,"column":29}},"10":{"start":{"line":11,"column":0},"end":{"line":11,"column":2}},"11":{"start":{"line":12,"column":0},"end":{"line":12,"column":0}},"12":{"start":{"line":13,"column":0},"end":{"line":13,"column":3}},"13":{"start":{"line":14,"column":0},"end":{"line":14,"column":46}},"14":{"start":{"line":15,"column":0},"end":{"line":15,"column":43}},"15":{"start":{"line":16,"column":0},"end":{"line":16,"column":3}},"16":{"start":{"line":17,"column":0},"end":{"line":17,"column":76}},"17":{"start":{"line":18,"column":0},"end":{"line":18,"column":0}},"18":{"start":{"line":19,"column":0},"end":{"line":19,"column":50}},"19":{"start":{"line":20,"column":0},"end":{"line":20,"column":0}},"20":{"start":{"line":21,"column":0},"end":{"line":21,"column":27}},"21":{"start":{"line":22,"column":0},"end":{"line":22,"column":62}},"22":{"start":{"line":23,"column":0},"end":{"line":23,"column":6}},"23":{"start":{"line":24,"column":0},"end":{"line":24,"column":0}},"24":{"start":{"line":25,"column":0},"end":{"line":25,"column":112}},"25":{"start":{"line":26,"column":0},"end":{"line":26,"column":2}}},"s":{"0":1,"1":1,"2":1,"3":1,"4":1,"5":1,"6":1,"7":1,"8":1,"9":1,"10":1,"11":1,"12":1,"13":1,"14":1,"15":1,"16":2,"17":2,"18":2,"19":2,"20":2,"21":1,"22":1,"23":1,"24":1,"25":1},"branchMap":{"0":{"type":"branch","line":17,"loc":{"start":{"line":17,"column":0},"end":{"line":26,"column":2}},"locations":[{"start":{"line":17,"column":0},"end":{"line":26,"column":2}}]},"1":{"type":"branch","line":21,"loc":{"start":{"line":21,"column":26},"end":{"line":26,"column":2}},"locations":[{"start":{"line":21,"column":26},"end":{"line":26,"column":2}}]}},"b":{"0":[2],"1":[1]},"fnMap":{"0":{"name":"filterNormalizer","decl":{"start":{"line":17,"column":0},"end":{"line":26,"column":2}},"loc":{"start":{"line":17,"column":0},"end":{"line":26,"column":2}},"line":17}},"f":{"0":2}}
,"D:\\Dev\\JavaScript\\typescript\\projetos\\nebula\\backend\\src\\utils\\prisma-filters\\normalizers\\like-normalizer\\index.ts": {"path":"D:\\Dev\\JavaScript\\typescript\\projetos\\nebula\\backend\\src\\utils\\prisma-filters\\normalizers\\like-normalizer\\index.ts","all":false,"statementMap":{"0":{"start":{"line":1,"column":0},"end":{"line":1,"column":45}},"1":{"start":{"line":2,"column":0},"end":{"line":2,"column":0}},"2":{"start":{"line":3,"column":0},"end":{"line":3,"column":27}},"3":{"start":{"line":4,"column":0},"end":{"line":4,"column":28}},"4":{"start":{"line":5,"column":0},"end":{"line":5,"column":2}},"5":{"start":{"line":6,"column":0},"end":{"line":6,"column":0}},"6":{"start":{"line":7,"column":0},"end":{"line":7,"column":3}},"7":{"start":{"line":8,"column":0},"end":{"line":8,"column":70}},"8":{"start":{"line":9,"column":0},"end":{"line":9,"column":77}},"9":{"start":{"line":10,"column":0},"end":{"line":10,"column":71}},"10":{"start":{"line":11,"column":0},"end":{"line":11,"column":89}},"11":{"start":{"line":12,"column":0},"end":{"line":12,"column":3}},"12":{"start":{"line":13,"column":0},"end":{"line":13,"column":71}},"13":{"start":{"line":14,"column":0},"end":{"line":14,"column":23}},"14":{"start":{"line":15,"column":0},"end":{"line":15,"column":32}},"15":{"start":{"line":16,"column":0},"end":{"line":16,"column":44}},"16":{"start":{"line":17,"column":0},"end":{"line":17,"column":6}},"17":{"start":{"line":18,"column":0},"end":{"line":18,"column":0}},"18":{"start":{"line":19,"column":0},"end":{"line":19,"column":112}},"19":{"start":{"line":20,"column":0},"end":{"line":20,"column":128}},"20":{"start":{"line":21,"column":0},"end":{"line":21,"column":111}},"21":{"start":{"line":22,"column":0},"end":{"line":22,"column":0}},"22":{"start":{"line":23,"column":0},"end":{"line":23,"column":73}},"23":{"start":{"line":24,"column":0},"end":{"line":24,"column":2}}},"s":{"0":1,"1":1,"2":1,"3":1,"4":1,"5":1,"6":1,"7":1,"8":1,"9":1,"10":1,"11":1,"12":4,"13":4,"14":4,"15":4,"16":4,"17":4,"18":4,"19":4,"20":4,"21":1,"22":1,"23":1},"branchMap":{"0":{"type":"branch","line":13,"loc":{"start":{"line":13,"column":0},"end":{"line":24,"column":2}},"locations":[{"start":{"line":13,"column":0},"end":{"line":24,"column":2}}]},"1":{"type":"branch","line":19,"loc":{"start":{"line":19,"column":22},"end":{"line":19,"column":40}},"locations":[{"start":{"line":19,"column":22},"end":{"line":19,"column":40}}]},"2":{"type":"branch","line":19,"loc":{"start":{"line":19,"column":42},"end":{"line":19,"column":112}},"locations":[{"start":{"line":19,"column":42},"end":{"line":19,"column":112}}]},"3":{"type":"branch","line":20,"loc":{"start":{"line":20,"column":-2},"end":{"line":20,"column":27}},"locations":[{"start":{"line":20,"column":-2},"end":{"line":20,"column":27}}]},"4":{"type":"branch","line":20,"loc":{"start":{"line":20,"column":23},"end":{"line":20,"column":40}},"locations":[{"start":{"line":20,"column":23},"end":{"line":20,"column":40}}]},"5":{"type":"branch","line":20,"loc":{"start":{"line":20,"column":42},"end":{"line":20,"column":128}},"locations":[{"start":{"line":20,"column":42},"end":{"line":20,"column":128}}]},"6":{"type":"branch","line":21,"loc":{"start":{"line":21,"column":-2},"end":{"line":21,"column":26}},"locations":[{"start":{"line":21,"column":-2},"end":{"line":21,"column":26}}]},"7":{"type":"branch","line":21,"loc":{"start":{"line":21,"column":22},"end":{"line":21,"column":39}},"locations":[{"start":{"line":21,"column":22},"end":{"line":21,"column":39}}]},"8":{"type":"branch","line":21,"loc":{"start":{"line":21,"column":41},"end":{"line":24,"column":2}},"locations":[{"start":{"line":21,"column":41},"end":{"line":24,"column":2}}]}},"b":{"0":[4],"1":[2],"2":[1],"3":[3],"4":[2],"5":[1],"6":[2],"7":[1],"8":[1]},"fnMap":{"0":{"name":"likeNormalizer","decl":{"start":{"line":13,"column":0},"end":{"line":24,"column":2}},"loc":{"start":{"line":13,"column":0},"end":{"line":24,"column":2}},"line":13}},"f":{"0":4}}
,"D:\\Dev\\JavaScript\\typescript\\projetos\\nebula\\backend\\src\\utils\\random-number\\random-number-max.ts": {"path":"D:\\Dev\\JavaScript\\typescript\\projetos\\nebula\\backend\\src\\utils\\random-number\\random-number-max.ts","all":false,"statementMap":{"0":{"start":{"line":1,"column":0},"end":{"line":1,"column":3}},"1":{"start":{"line":2,"column":0},"end":{"line":2,"column":17}},"2":{"start":{"line":3,"column":0},"end":{"line":3,"column":13}},"3":{"start":{"line":4,"column":0},"end":{"line":4,"column":41}},"4":{"start":{"line":5,"column":0},"end":{"line":5,"column":2}},"5":{"start":{"line":6,"column":0},"end":{"line":6,"column":59}},"6":{"start":{"line":7,"column":0},"end":{"line":7,"column":23}},"7":{"start":{"line":8,"column":0},"end":{"line":8,"column":24}},"8":{"start":{"line":9,"column":0},"end":{"line":9,"column":49}},"9":{"start":{"line":10,"column":0},"end":{"line":10,"column":2}}},"s":{"0":1,"1":1,"2":1,"3":1,"4":1,"5":83,"6":83,"7":83,"8":83,"9":83},"branchMap":{"0":{"type":"branch","line":6,"loc":{"start":{"line":6,"column":0},"end":{"line":10,"column":2}},"locations":[{"start":{"line":6,"column":0},"end":{"line":10,"column":2}}]}},"b":{"0":[83]},"fnMap":{"0":{"name":"getRandomNumberMax","decl":{"start":{"line":6,"column":0},"end":{"line":10,"column":2}},"loc":{"start":{"line":6,"column":0},"end":{"line":10,"column":2}},"line":6}},"f":{"0":83}}
}
