TN:
SF:src\application\services\Cryptography\password-cryptography.ts
FN:5,crypt
FN:9,compare
FNF:2
FNH:1
FNDA:1,crypt
FNDA:0,compare
DA:1,1
DA:2,1
DA:3,1
DA:4,1
DA:5,1
DA:6,1
DA:7,1
DA:8,1
DA:9,1
DA:10,0
DA:11,0
DA:12,1
LF:12
LH:10
BRDA:5,0,0,1
BRF:1
BRH:1
end_of_record
TN:
SF:src\application\useCases\Answer\CreateAnswer\create-answer-service.ts
FN:16,CreateAnswerService
FN:23,execute
FNF:2
FNH:2
FNDA:1,CreateAnswerService
FNDA:3,execute
DA:1,1
DA:2,1
DA:3,1
DA:4,1
DA:5,1
DA:6,1
DA:7,1
DA:8,1
DA:9,1
DA:10,1
DA:11,1
DA:12,1
DA:13,1
DA:14,1
DA:15,1
DA:16,1
DA:17,1
DA:18,1
DA:19,1
DA:20,1
DA:21,1
DA:22,1
DA:23,1
DA:24,3
DA:25,3
DA:26,3
DA:27,3
DA:28,1
DA:29,1
DA:30,2
DA:31,2
DA:32,2
DA:33,3
DA:34,1
DA:35,1
DA:36,1
DA:37,1
DA:38,1
DA:39,1
DA:40,1
DA:41,1
DA:42,1
DA:43,3
DA:44,0
DA:45,0
DA:46,1
DA:47,1
DA:48,1
DA:49,3
DA:50,1
LF:50
LH:48
BRDA:16,0,0,1
BRDA:23,1,0,3
BRDA:27,2,0,1
BRDA:29,3,0,2
BRDA:33,4,0,1
BRDA:43,5,0,0
BRDA:45,6,0,1
BRF:7
BRH:6
end_of_record
TN:
SF:src\application\useCases\Answer\ListAnswers\list-answers-service.ts
FN:10,ListAnswersService
FN:14,execute
FNF:2
FNH:2
FNDA:1,ListAnswersService
FNDA:1,execute
DA:1,1
DA:2,1
DA:3,1
DA:4,1
DA:5,1
DA:6,1
DA:7,1
DA:8,1
DA:9,1
DA:10,1
DA:11,1
DA:12,1
DA:13,1
DA:14,1
DA:15,1
DA:16,1
DA:17,1
DA:18,1
DA:19,0
DA:20,0
DA:21,1
DA:22,1
DA:23,1
DA:24,1
LF:24
LH:22
BRDA:10,0,0,1
BRDA:14,1,0,1
BRDA:18,2,0,0
BRF:3
BRH:2
end_of_record
TN:
SF:src\application\useCases\Answer\UpdateAnswer\update-answer-service.ts
FN:14,UpdateAnswerService
FN:18,execute
FNF:2
FNH:2
FNDA:1,UpdateAnswerService
FNDA:3,execute
DA:1,1
DA:2,1
DA:3,1
DA:4,1
DA:5,1
DA:6,1
DA:7,1
DA:8,1
DA:9,1
DA:10,1
DA:11,1
DA:12,1
DA:13,1
DA:14,1
DA:15,1
DA:16,1
DA:17,1
DA:18,1
DA:19,3
DA:20,3
DA:21,3
DA:22,3
DA:23,1
DA:24,1
DA:25,2
DA:26,2
DA:27,2
DA:28,3
DA:29,1
DA:30,1
DA:31,1
DA:32,1
DA:33,1
DA:34,1
DA:35,1
DA:36,1
DA:37,1
DA:38,3
DA:39,0
DA:40,0
DA:41,1
DA:42,1
DA:43,3
DA:44,1
LF:44
LH:42
BRDA:14,0,0,1
BRDA:18,1,0,3
BRDA:22,2,0,1
BRDA:24,3,0,2
BRDA:28,4,0,1
BRDA:38,5,0,0
BRDA:40,6,0,1
BRF:7
BRH:6
end_of_record
TN:
SF:src\application\useCases\Content\CreateContent\create-content-service.ts
FN:15,CreateContentService
FN:21,execute
FNF:2
FNH:2
FNDA:1,CreateContentService
FNDA:2,execute
DA:1,1
DA:2,1
DA:3,1
DA:4,1
DA:5,1
DA:6,1
DA:7,1
DA:8,1
DA:9,1
DA:10,1
DA:11,1
DA:12,1
DA:13,1
DA:14,1
DA:15,1
DA:16,1
DA:17,1
DA:18,1
DA:19,1
DA:20,1
DA:21,1
DA:22,2
DA:23,2
DA:24,2
DA:25,2
DA:26,1
DA:27,1
DA:28,1
DA:29,1
DA:30,1
DA:31,1
DA:32,1
DA:33,2
DA:34,0
DA:35,0
DA:36,1
DA:37,1
DA:38,2
DA:39,1
LF:39
LH:37
BRDA:15,0,0,1
BRDA:21,1,0,2
BRDA:25,2,0,1
BRDA:33,3,0,0
BRDA:35,4,0,1
BRF:5
BRH:4
end_of_record
TN:
SF:src\application\useCases\Content\ListContents\list-contents-service.ts
FN:10,ListContentsService
FN:14,execute
FNF:2
FNH:2
FNDA:1,ListContentsService
FNDA:1,execute
DA:1,1
DA:2,1
DA:3,1
DA:4,1
DA:5,1
DA:6,1
DA:7,1
DA:8,1
DA:9,1
DA:10,1
DA:11,1
DA:12,1
DA:13,1
DA:14,1
DA:15,1
DA:16,1
DA:17,1
DA:18,1
DA:19,0
DA:20,0
DA:21,1
DA:22,1
DA:23,1
DA:24,1
DA:25,1
LF:25
LH:23
BRDA:10,0,0,1
BRDA:14,1,0,1
BRDA:18,2,0,0
BRF:3
BRH:2
end_of_record
TN:
SF:src\application\useCases\Content\UpdateContent\update-content-service.ts
FN:17,UpdateContentService
FN:22,execute
FNF:2
FNH:2
FNDA:1,UpdateContentService
FNDA:4,execute
DA:1,1
DA:2,1
DA:3,1
DA:4,1
DA:5,1
DA:6,1
DA:7,1
DA:8,1
DA:9,1
DA:10,1
DA:11,1
DA:12,1
DA:13,1
DA:14,1
DA:15,1
DA:16,1
DA:17,1
DA:18,1
DA:19,1
DA:20,1
DA:21,1
DA:22,1
DA:23,4
DA:24,4
DA:25,4
DA:26,4
DA:27,1
DA:28,1
DA:29,3
DA:30,4
DA:31,4
DA:32,4
DA:33,3
DA:34,4
DA:35,1
DA:36,1
DA:37,2
DA:38,2
DA:39,2
DA:40,2
DA:41,2
DA:42,2
DA:43,2
DA:44,2
DA:45,2
DA:46,2
DA:47,2
DA:48,2
DA:49,2
DA:50,2
DA:51,2
DA:52,2
DA:53,2
DA:54,4
DA:55,0
DA:56,0
DA:57,2
DA:58,2
DA:59,2
DA:60,4
DA:61,1
LF:61
LH:59
BRDA:17,0,0,1
BRDA:22,1,0,4
BRDA:26,2,0,1
BRDA:28,3,0,3
BRDA:30,4,0,1
BRDA:33,5,0,3
BRDA:34,6,0,1
BRDA:36,7,0,2
BRDA:54,8,0,0
BRDA:56,9,0,2
BRF:10
BRH:9
end_of_record
TN:
SF:src\application\useCases\Question\ChangeQuestionAccess\change-question-access-service.ts
FN:12,ChangeQuestionAccessSerivce
FN:16,execute
FNF:2
FNH:2
FNDA:1,ChangeQuestionAccessSerivce
FNDA:3,execute
DA:1,1
DA:2,1
DA:3,1
DA:4,1
DA:5,1
DA:6,1
DA:7,1
DA:8,1
DA:9,1
DA:10,1
DA:11,1
DA:12,1
DA:13,1
DA:14,1
DA:15,1
DA:16,1
DA:17,3
DA:18,3
DA:19,3
DA:20,3
DA:21,1
DA:22,1
DA:23,2
DA:24,2
DA:25,3
DA:26,1
DA:27,1
DA:28,1
DA:29,1
DA:30,1
DA:31,1
DA:32,1
DA:33,1
DA:34,1
DA:35,1
DA:36,1
DA:37,1
DA:38,3
DA:39,0
DA:40,0
DA:41,1
DA:42,1
DA:43,3
DA:44,1
LF:44
LH:42
BRDA:12,0,0,1
BRDA:16,1,0,3
BRDA:20,2,0,1
BRDA:22,3,0,2
BRDA:25,4,0,1
BRDA:38,5,0,0
BRDA:40,6,0,1
BRF:7
BRH:6
end_of_record
TN:
SF:src\application\useCases\Question\CreateQuestion\create-question-service.ts
FN:20,CreateQuestionService
FN:27,execute
FNF:2
FNH:2
FNDA:1,CreateQuestionService
FNDA:3,execute
DA:1,1
DA:2,1
DA:3,1
DA:4,1
DA:5,1
DA:6,1
DA:7,1
DA:8,1
DA:9,1
DA:10,1
DA:11,1
DA:12,1
DA:13,1
DA:14,1
DA:15,1
DA:16,1
DA:17,1
DA:18,1
DA:19,1
DA:20,1
DA:21,1
DA:22,1
DA:23,1
DA:24,1
DA:25,1
DA:26,1
DA:27,1
DA:28,3
DA:29,3
DA:30,3
DA:31,3
DA:32,3
DA:33,3
DA:34,3
DA:35,3
DA:36,3
DA:37,3
DA:38,1
DA:39,1
DA:40,2
DA:41,2
DA:42,2
DA:43,3
DA:44,1
DA:45,1
DA:46,1
DA:47,1
DA:48,1
DA:49,1
DA:50,1
DA:51,1
DA:52,1
DA:53,1
DA:54,1
DA:55,1
DA:56,1
DA:57,1
DA:58,1
DA:59,3
DA:60,0
DA:61,0
DA:62,1
DA:63,1
DA:64,3
DA:65,1
LF:65
LH:63
BRDA:20,0,0,1
BRDA:27,1,0,3
BRDA:37,2,0,1
BRDA:39,3,0,2
BRDA:43,4,0,1
BRDA:59,5,0,0
BRDA:61,6,0,1
BRF:7
BRH:6
end_of_record
TN:
SF:src\application\useCases\Question\FinishQuestion\finish-question-service.ts
FN:12,FinishQuestionService
FN:16,execute
FNF:2
FNH:2
FNDA:1,FinishQuestionService
FNDA:3,execute
DA:1,1
DA:2,1
DA:3,1
DA:4,1
DA:5,1
DA:6,1
DA:7,1
DA:8,1
DA:9,1
DA:10,1
DA:11,1
DA:12,1
DA:13,1
DA:14,1
DA:15,1
DA:16,1
DA:17,3
DA:18,3
DA:19,3
DA:20,3
DA:21,1
DA:22,1
DA:23,2
DA:24,3
DA:25,1
DA:26,1
DA:27,1
DA:28,1
DA:29,1
DA:30,1
DA:31,1
DA:32,1
DA:33,1
DA:34,1
DA:35,1
DA:36,1
DA:37,3
DA:38,0
DA:39,0
DA:40,1
DA:41,1
DA:42,3
DA:43,1
LF:43
LH:41
BRDA:12,0,0,1
BRDA:16,1,0,3
BRDA:20,2,0,1
BRDA:22,3,0,2
BRDA:24,4,0,1
BRDA:37,5,0,0
BRDA:39,6,0,1
BRF:7
BRH:6
end_of_record
TN:
SF:src\application\useCases\Question\GetQuestion\get-question-service.ts
FN:11,GetQuestionService
FN:15,execute
FNF:2
FNH:2
FNDA:1,GetQuestionService
FNDA:2,execute
DA:1,1
DA:2,1
DA:3,1
DA:4,1
DA:5,1
DA:6,1
DA:7,1
DA:8,1
DA:9,1
DA:10,1
DA:11,1
DA:12,1
DA:13,1
DA:14,1
DA:15,1
DA:16,2
DA:17,2
DA:18,2
DA:19,2
DA:20,1
DA:21,1
DA:22,1
DA:23,1
DA:24,2
DA:25,1
LF:25
LH:25
BRDA:11,0,0,1
BRDA:15,1,0,2
BRDA:19,2,0,1
BRF:3
BRH:3
end_of_record
TN:
SF:src\application\useCases\Question\ListQuestions\list-questions-service.ts
FN:10,ListQuestionsService
FN:14,execute
FNF:2
FNH:2
FNDA:1,ListQuestionsService
FNDA:1,execute
DA:1,1
DA:2,1
DA:3,1
DA:4,1
DA:5,1
DA:6,1
DA:7,1
DA:8,1
DA:9,1
DA:10,1
DA:11,1
DA:12,1
DA:13,1
DA:14,1
DA:15,1
DA:16,1
DA:17,1
DA:18,1
DA:19,0
DA:20,0
DA:21,1
DA:22,1
DA:23,1
DA:24,1
DA:25,1
LF:25
LH:23
BRDA:10,0,0,1
BRDA:14,1,0,1
BRDA:18,2,0,0
BRF:3
BRH:2
end_of_record
TN:
SF:src\application\useCases\Question\UpdateQuestion\update-question-service.ts
FN:18,UpdateQuestionService
FN:23,execute
FNF:2
FNH:2
FNDA:1,UpdateQuestionService
FNDA:4,execute
DA:1,1
DA:2,1
DA:3,1
DA:4,1
DA:5,1
DA:6,1
DA:7,1
DA:8,1
DA:9,1
DA:10,1
DA:11,1
DA:12,1
DA:13,1
DA:14,1
DA:15,1
DA:16,1
DA:17,1
DA:18,1
DA:19,1
DA:20,1
DA:21,1
DA:22,1
DA:23,1
DA:24,4
DA:25,4
DA:26,4
DA:27,4
DA:28,1
DA:29,1
DA:30,3
DA:31,4
DA:32,1
DA:33,1
DA:34,2
DA:35,4
DA:36,4
DA:37,4
DA:38,2
DA:39,4
DA:40,1
DA:41,1
DA:42,1
DA:43,1
DA:44,1
DA:45,1
DA:46,1
DA:47,1
DA:48,1
DA:49,1
DA:50,1
DA:51,1
DA:52,1
DA:53,1
DA:54,1
DA:55,1
DA:56,1
DA:57,1
DA:58,1
DA:59,4
DA:60,0
DA:61,0
DA:62,1
DA:63,1
DA:64,4
DA:65,1
LF:65
LH:63
BRDA:18,0,0,1
BRDA:23,1,0,4
BRDA:27,2,0,1
BRDA:29,3,0,3
BRDA:31,4,0,1
BRDA:33,5,0,2
BRDA:35,6,0,0
BRDA:38,7,0,2
BRDA:39,8,0,1
BRDA:59,9,0,0
BRDA:61,10,0,1
BRF:11
BRH:9
end_of_record
TN:
SF:src\application\useCases\Rank\GenerateUserRanks\generate-user-ranks-service.ts
FN:15,GenerateUserRanksService
FN:21,execute
FNF:2
FNH:2
FNDA:1,GenerateUserRanksService
FNDA:2,execute
DA:1,1
DA:2,1
DA:3,1
DA:4,1
DA:5,1
DA:6,1
DA:7,1
DA:8,1
DA:9,1
DA:10,1
DA:11,1
DA:12,1
DA:13,1
DA:14,1
DA:15,1
DA:16,1
DA:17,1
DA:18,1
DA:19,1
DA:20,1
DA:21,1
DA:22,2
DA:23,2
DA:24,2
DA:25,2
DA:26,1
DA:27,1
DA:28,1
DA:29,1
DA:30,1
DA:31,2
DA:32,0
DA:33,0
DA:34,1
DA:35,1
DA:36,2
DA:37,1
DA:38,1
DA:39,1
DA:40,2
DA:41,0
DA:42,0
DA:43,1
DA:44,1
DA:45,2
DA:46,1
LF:46
LH:42
BRDA:15,0,0,1
BRDA:21,1,0,2
BRDA:25,2,0,1
BRDA:31,3,0,0
BRDA:33,4,0,1
BRDA:36,5,0,0
BRDA:37,6,0,1
BRDA:40,7,0,0
BRDA:42,8,0,1
BRF:9
BRH:6
end_of_record
TN:
SF:src\application\useCases\Rank\GenereateSubjectRanks\generate-subject-ranks-service.ts
FN:15,GenerateSubjectRanksService
FN:21,execute
FNF:2
FNH:2
FNDA:1,GenerateSubjectRanksService
FNDA:2,execute
DA:1,1
DA:2,1
DA:3,1
DA:4,1
DA:5,1
DA:6,1
DA:7,1
DA:8,1
DA:9,1
DA:10,1
DA:11,1
DA:12,1
DA:13,1
DA:14,1
DA:15,1
DA:16,1
DA:17,1
DA:18,1
DA:19,1
DA:20,1
DA:21,1
DA:22,2
DA:23,2
DA:24,2
DA:25,2
DA:26,1
DA:27,1
DA:28,1
DA:29,1
DA:30,1
DA:31,2
DA:32,0
DA:33,0
DA:34,1
DA:35,1
DA:36,1
DA:37,2
DA:38,0
DA:39,0
DA:40,1
DA:41,1
DA:42,2
DA:43,1
LF:43
LH:39
BRDA:15,0,0,1
BRDA:21,1,0,2
BRDA:25,2,0,1
BRDA:31,3,0,0
BRDA:33,4,0,1
BRDA:37,5,0,0
BRDA:39,6,0,1
BRF:7
BRH:5
end_of_record
TN:
SF:src\application\useCases\Rank\ListRanksBySubject\list-ranks-by-subject-service.ts
FN:13,ListRanksBySubjectService
FN:18,execute
FNF:2
FNH:2
FNDA:1,ListRanksBySubjectService
FNDA:2,execute
DA:1,1
DA:2,1
DA:3,1
DA:4,1
DA:5,1
DA:6,1
DA:7,1
DA:8,1
DA:9,1
DA:10,1
DA:11,1
DA:12,1
DA:13,1
DA:14,1
DA:15,1
DA:16,1
DA:17,1
DA:18,1
DA:19,2
DA:20,2
DA:21,2
DA:22,2
DA:23,2
DA:24,1
DA:25,1
DA:26,1
DA:27,1
DA:28,1
DA:29,1
DA:30,2
DA:31,0
DA:32,0
DA:33,1
DA:34,1
DA:35,2
DA:36,1
LF:36
LH:34
BRDA:13,0,0,1
BRDA:18,1,0,2
BRDA:23,2,0,1
BRDA:30,3,0,0
BRDA:32,4,0,1
BRF:5
BRH:4
end_of_record
TN:
SF:src\application\useCases\Rank\UpdateUserPoints\update-user-points-service.ts
FN:17,UpdateUserPointsService
FN:23,execute
FNF:2
FNH:2
FNDA:1,UpdateUserPointsService
FNDA:3,execute
DA:1,1
DA:2,1
DA:3,1
DA:4,1
DA:5,1
DA:6,1
DA:7,1
DA:8,1
DA:9,1
DA:10,1
DA:11,1
DA:12,1
DA:13,1
DA:14,1
DA:15,1
DA:16,1
DA:17,1
DA:18,1
DA:19,1
DA:20,1
DA:21,1
DA:22,1
DA:23,1
DA:24,3
DA:25,3
DA:26,3
DA:27,3
DA:28,1
DA:29,1
DA:30,2
DA:31,2
DA:32,2
DA:33,3
DA:34,1
DA:35,1
DA:36,1
DA:37,1
DA:38,1
DA:39,1
DA:40,1
DA:41,1
DA:42,1
DA:43,1
DA:44,1
DA:45,3
DA:46,0
DA:47,0
DA:48,1
DA:49,1
DA:50,3
DA:51,1
LF:51
LH:49
BRDA:17,0,0,1
BRDA:23,1,0,3
BRDA:27,2,0,1
BRDA:29,3,0,2
BRDA:33,4,0,1
BRDA:45,5,0,0
BRDA:47,6,0,1
BRF:7
BRH:6
end_of_record
TN:
SF:src\application\useCases\Rankmark\CreateRankmark\create-rankmark-service.ts
FN:14,CreateRankmarkService
FN:19,execute
FNF:2
FNH:2
FNDA:1,CreateRankmarkService
FNDA:2,execute
DA:1,1
DA:2,1
DA:3,1
DA:4,1
DA:5,1
DA:6,1
DA:7,1
DA:8,1
DA:9,1
DA:10,1
DA:11,1
DA:12,1
DA:13,1
DA:14,1
DA:15,1
DA:16,1
DA:17,1
DA:18,1
DA:19,1
DA:20,2
DA:21,2
DA:22,2
DA:23,2
DA:24,1
DA:25,1
DA:26,1
DA:27,1
DA:28,1
DA:29,1
DA:30,1
DA:31,2
DA:32,0
DA:33,0
DA:34,1
DA:35,1
DA:36,1
DA:37,1
DA:38,1
LF:38
LH:36
BRDA:14,0,0,1
BRDA:19,1,0,2
BRDA:23,2,0,1
BRDA:31,3,0,0
BRDA:33,4,0,1
BRF:5
BRH:4
end_of_record
TN:
SF:src\application\useCases\Rankmark\ListRankmarks\list-rankmarks-service.ts
FN:11,ListRankmarksService
FN:15,execute
FNF:2
FNH:2
FNDA:1,ListRankmarksService
FNDA:1,execute
DA:1,1
DA:2,1
DA:3,1
DA:4,1
DA:5,1
DA:6,1
DA:7,1
DA:8,1
DA:9,1
DA:10,1
DA:11,1
DA:12,1
DA:13,1
DA:14,1
DA:15,1
DA:16,1
DA:17,1
DA:18,1
DA:19,1
DA:20,0
DA:21,0
DA:22,1
DA:23,1
DA:24,1
DA:25,1
LF:25
LH:23
BRDA:11,0,0,1
BRDA:15,1,0,1
BRDA:19,2,0,0
BRF:3
BRH:2
end_of_record
TN:
SF:src\application\useCases\Rankmark\UpdateRankmark\update-rankmark-service.ts
FN:15,UpdateRankmarkService
FN:19,execute
FNF:2
FNH:2
FNDA:1,UpdateRankmarkService
FNDA:2,execute
DA:1,1
DA:2,1
DA:3,1
DA:4,1
DA:5,1
DA:6,1
DA:7,1
DA:8,1
DA:9,1
DA:10,1
DA:11,1
DA:12,1
DA:13,1
DA:14,1
DA:15,1
DA:16,1
DA:17,1
DA:18,1
DA:19,1
DA:20,2
DA:21,2
DA:22,2
DA:23,2
DA:24,2
DA:25,2
DA:26,2
DA:27,2
DA:28,2
DA:29,2
DA:30,2
DA:31,2
DA:32,1
DA:33,1
DA:34,1
DA:35,1
DA:36,1
DA:37,1
DA:38,1
DA:39,1
DA:40,1
DA:41,1
DA:42,1
DA:43,1
DA:44,1
DA:45,2
DA:46,1
LF:46
LH:46
BRDA:15,0,0,1
BRDA:19,1,0,2
BRDA:31,2,0,1
BRF:3
BRH:3
end_of_record
TN:
SF:src\application\useCases\Subject\CreateSubject\create-subject-service.ts
FN:10,CreateSubjectService
FN:14,execute
FNF:2
FNH:2
FNDA:1,CreateSubjectService
FNDA:2,execute
DA:1,1
DA:2,1
DA:3,1
DA:4,1
DA:5,1
DA:6,1
DA:7,1
DA:8,1
DA:9,1
DA:10,1
DA:11,1
DA:12,1
DA:13,1
DA:14,1
DA:15,2
DA:16,2
DA:17,2
DA:18,2
DA:19,1
DA:20,1
DA:21,1
DA:22,1
DA:23,1
DA:24,1
DA:25,1
DA:26,1
DA:27,2
DA:28,0
DA:29,0
DA:30,1
DA:31,1
DA:32,2
DA:33,1
LF:33
LH:31
BRDA:10,0,0,1
BRDA:14,1,0,2
BRDA:18,2,0,1
BRDA:27,3,0,0
BRDA:29,4,0,1
BRF:5
BRH:4
end_of_record
TN:
SF:src\application\useCases\Subject\GetSubject\get-subject-service.ts
FN:10,GetSubjectService
FN:14,execute
FNF:2
FNH:2
FNDA:1,GetSubjectService
FNDA:2,execute
DA:1,1
DA:2,1
DA:3,1
DA:4,1
DA:5,1
DA:6,1
DA:7,1
DA:8,1
DA:9,1
DA:10,1
DA:11,1
DA:12,1
DA:13,1
DA:14,1
DA:15,2
DA:16,2
DA:17,2
DA:18,2
DA:19,1
DA:20,1
DA:21,1
DA:22,1
DA:23,1
DA:24,1
DA:25,1
DA:26,2
DA:27,1
LF:27
LH:27
BRDA:10,0,0,1
BRDA:14,1,0,2
BRDA:18,2,0,1
BRF:3
BRH:3
end_of_record
TN:
SF:src\application\useCases\Subject\ListSubjects\list-subjects-service.ts
FN:10,ListSubjectsService
FN:14,execute
FNF:2
FNH:2
FNDA:1,ListSubjectsService
FNDA:1,execute
DA:1,1
DA:2,1
DA:3,1
DA:4,1
DA:5,1
DA:6,1
DA:7,1
DA:8,1
DA:9,1
DA:10,1
DA:11,1
DA:12,1
DA:13,1
DA:14,1
DA:15,1
DA:16,1
DA:17,1
LF:17
LH:17
BRDA:10,0,0,1
BRDA:14,1,0,1
BRF:2
BRH:2
end_of_record
TN:
SF:src\application\useCases\Subject\UpdateSubject\update-subject-service.ts
FN:13,UpdateSubjectService
FN:17,execute
FNF:2
FNH:2
FNDA:1,UpdateSubjectService
FNDA:2,execute
DA:1,1
DA:2,1
DA:3,1
DA:4,1
DA:5,1
DA:6,1
DA:7,1
DA:8,1
DA:9,1
DA:10,1
DA:11,1
DA:12,1
DA:13,1
DA:14,1
DA:15,1
DA:16,1
DA:17,1
DA:18,2
DA:19,2
DA:20,2
DA:21,2
DA:22,2
DA:23,2
DA:24,2
DA:25,2
DA:26,2
DA:27,2
DA:28,1
DA:29,1
DA:30,1
DA:31,1
DA:32,1
DA:33,1
DA:34,1
DA:35,1
DA:36,1
DA:37,1
DA:38,1
DA:39,1
DA:40,2
DA:41,1
LF:41
LH:41
BRDA:13,0,0,1
BRDA:17,1,0,2
BRDA:27,2,0,1
BRF:3
BRH:3
end_of_record
TN:
SF:src\application\useCases\User\CreateUser\create-user-service.ts
FN:19,CreateUserService
FN:28,execute
FNF:2
FNH:2
FNDA:1,CreateUserService
FNDA:4,execute
DA:1,1
DA:2,1
DA:3,1
DA:4,1
DA:5,1
DA:6,1
DA:7,1
DA:8,1
DA:9,1
DA:10,1
DA:11,1
DA:12,1
DA:13,1
DA:14,1
DA:15,1
DA:16,1
DA:17,1
DA:18,1
DA:19,1
DA:20,1
DA:21,1
DA:22,1
DA:23,1
DA:24,1
DA:25,1
DA:26,1
DA:27,1
DA:28,1
DA:29,4
DA:30,4
DA:31,4
DA:32,4
DA:33,1
DA:34,1
DA:35,3
DA:36,3
DA:37,3
DA:38,4
DA:39,1
DA:40,1
DA:41,2
DA:42,2
DA:43,2
DA:44,4
DA:45,1
DA:46,1
DA:47,1
DA:48,1
DA:49,1
DA:50,1
DA:51,1
DA:52,1
DA:53,1
DA:54,1
DA:55,1
DA:56,1
DA:57,1
DA:58,4
DA:59,1
LF:59
LH:59
BRDA:19,0,0,1
BRDA:28,1,0,4
BRDA:32,2,0,1
BRDA:34,3,0,3
BRDA:38,4,0,1
BRDA:40,5,0,2
BRDA:44,6,0,1
BRF:7
BRH:7
end_of_record
TN:
SF:src\application\useCases\User\GetUser\get-user-service.ts
FN:12,GetUserService
FN:16,execute
FNF:2
FNH:2
FNDA:1,GetUserService
FNDA:2,execute
DA:1,1
DA:2,1
DA:3,1
DA:4,1
DA:5,1
DA:6,1
DA:7,1
DA:8,1
DA:9,1
DA:10,1
DA:11,1
DA:12,1
DA:13,1
DA:14,1
DA:15,1
DA:16,1
DA:17,2
DA:18,2
DA:19,2
DA:20,2
DA:21,1
DA:22,1
DA:23,1
DA:24,1
DA:25,1
DA:26,1
DA:27,2
DA:28,1
LF:28
LH:28
BRDA:12,0,0,1
BRDA:16,1,0,2
BRDA:20,2,0,1
BRF:3
BRH:3
end_of_record
TN:
SF:src\application\useCases\User\ListUsers\list-users-service.ts
FN:10,ListUsersService
FN:14,execute
FNF:2
FNH:2
FNDA:1,ListUsersService
FNDA:1,execute
DA:1,1
DA:2,1
DA:3,1
DA:4,1
DA:5,1
DA:6,1
DA:7,1
DA:8,1
DA:9,1
DA:10,1
DA:11,1
DA:12,1
DA:13,1
DA:14,1
DA:15,1
DA:16,1
DA:17,1
LF:17
LH:17
BRDA:10,0,0,1
BRDA:14,1,0,1
BRF:2
BRH:2
end_of_record
TN:
SF:src\application\useCases\User\UpdateUser\update-user-service.ts
FN:14,UpdateUserService
FN:18,execute
FNF:2
FNH:2
FNDA:1,UpdateUserService
FNDA:2,execute
DA:1,1
DA:2,1
DA:3,1
DA:4,1
DA:5,1
DA:6,1
DA:7,1
DA:8,1
DA:9,1
DA:10,1
DA:11,1
DA:12,1
DA:13,1
DA:14,1
DA:15,1
DA:16,1
DA:17,1
DA:18,1
DA:19,2
DA:20,2
DA:21,2
DA:22,2
DA:23,1
DA:24,1
DA:25,1
DA:26,1
DA:27,1
DA:28,2
DA:29,2
DA:30,2
DA:31,2
DA:32,2
DA:33,2
DA:34,2
DA:35,1
DA:36,1
DA:37,2
DA:38,1
DA:39,1
LF:39
LH:39
BRDA:14,0,0,1
BRDA:18,1,0,2
BRDA:22,2,0,1
BRDA:28,3,0,1
BRDA:28,4,0,0
BRDA:29,5,0,1
BRDA:29,6,0,1
BRDA:29,7,0,0
BRDA:35,8,0,1
BRF:9
BRH:7
end_of_record
TN:
SF:src\application\useCases\User\UserAuthentication\user-authentication-service.ts
FN:13,UserAuthenticationService
FN:19,execute
FNF:2
FNH:2
FNDA:1,UserAuthenticationService
FNDA:3,execute
DA:1,1
DA:2,1
DA:3,1
DA:4,1
DA:5,1
DA:6,1
DA:7,1
DA:8,1
DA:9,1
DA:10,1
DA:11,1
DA:12,1
DA:13,1
DA:14,1
DA:15,1
DA:16,1
DA:17,1
DA:18,1
DA:19,1
DA:20,3
DA:21,3
DA:22,3
DA:23,3
DA:24,1
DA:25,1
DA:26,2
DA:27,2
DA:28,2
DA:29,2
DA:30,2
DA:31,3
DA:32,1
DA:33,1
DA:34,1
DA:35,1
DA:36,1
DA:37,1
DA:38,1
DA:39,1
DA:40,1
DA:41,1
DA:42,1
DA:43,1
DA:44,1
DA:45,1
DA:46,3
DA:47,1
LF:47
LH:47
BRDA:13,0,0,1
BRDA:19,1,0,3
BRDA:23,2,0,1
BRDA:25,3,0,2
BRDA:31,4,0,1
BRF:5
BRH:5
end_of_record
TN:
SF:src\core\GenericResultClass.ts
FN:4,GenericResultClass
FN:10,create
FNF:2
FNH:2
FNDA:4,GenericResultClass
FNDA:4,create
DA:1,1
DA:2,1
DA:3,1
DA:4,1
DA:5,4
DA:6,4
DA:7,4
DA:8,1
DA:9,1
DA:10,1
DA:11,4
DA:12,1
DA:13,1
LF:13
LH:13
BRDA:4,0,0,4
BRDA:10,1,0,4
BRF:2
BRH:2
end_of_record
TN:
SF:src\core\Result.ts
FN:7,Result
FN:25,getValue
FN:33,ok
FN:37,fail
FN:41,combine
FNF:5
FNH:4
FNDA:157,Result
FNDA:79,getValue
FNDA:94,ok
FNDA:63,fail
FNDA:0,combine
DA:1,1
DA:2,1
DA:3,1
DA:4,1
DA:5,1
DA:6,1
DA:7,1
DA:8,157
DA:9,0
DA:10,0
DA:11,0
DA:12,157
DA:13,0
DA:14,0
DA:15,0
DA:16,157
DA:17,157
DA:18,157
DA:19,157
DA:20,157
DA:21,157
DA:22,157
DA:23,157
DA:24,1
DA:25,1
DA:26,79
DA:27,0
DA:28,0
DA:29,79
DA:30,79
DA:31,79
DA:32,1
DA:33,1
DA:34,94
DA:35,94
DA:36,1
DA:37,1
DA:38,63
DA:39,63
DA:40,1
DA:41,1
DA:42,0
DA:43,0
DA:44,0
DA:45,0
DA:46,0
DA:47,1
LF:47
LH:34
BRDA:7,0,0,157
BRDA:8,1,0,94
BRDA:8,2,0,0
BRDA:12,3,0,63
BRDA:12,4,0,0
BRDA:25,5,0,79
BRDA:26,6,0,0
BRDA:33,7,0,94
BRDA:37,8,0,63
BRF:9
BRH:6
end_of_record
TN:
SF:src\core\domain\Entity.ts
FN:12,Entity
FN:8,get id
FNF:2
FNH:2
FNDA:346,Entity
FNDA:153,get id
DA:1,1
DA:2,1
DA:3,1
DA:4,1
DA:5,1
DA:6,1
DA:7,1
DA:8,1
DA:9,153
DA:10,1
DA:11,1
DA:12,1
DA:13,346
DA:14,346
DA:15,1
DA:16,1
DA:17,1
DA:18,1
LF:18
LH:18
BRDA:12,0,0,346
BRDA:13,1,0,6
BRDA:13,2,0,340
BRDA:8,3,0,153
BRF:4
BRH:4
end_of_record
TN:
SF:src\domain\entities\Content.ts
FN:22,Content
FN:26,create
FNF:2
FNH:2
FNDA:11,Content
FNDA:11,create
DA:1,1
DA:2,1
DA:3,1
DA:4,1
DA:5,1
DA:6,1
DA:7,1
DA:8,1
DA:9,1
DA:10,1
DA:11,1
DA:12,1
DA:13,1
DA:14,1
DA:15,1
DA:16,1
DA:17,1
DA:18,1
DA:19,1
DA:20,1
DA:21,1
DA:22,1
DA:23,11
DA:24,1
DA:25,1
DA:26,1
DA:27,11
DA:28,11
DA:29,11
DA:30,11
DA:31,11
DA:32,11
DA:33,11
DA:34,11
DA:35,11
DA:36,11
DA:37,1
DA:38,1
LF:38
LH:38
BRDA:22,0,0,11
BRDA:26,1,0,11
BRDA:30,2,0,0
BRDA:31,3,0,0
BRF:4
BRH:2
end_of_record
TN:
SF:src\domain\entities\Rank.ts
FN:22,Rank
FN:28,create
FNF:2
FNH:2
FNDA:10,Rank
FNDA:10,create
DA:1,1
DA:2,1
DA:3,1
DA:4,1
DA:5,1
DA:6,1
DA:7,1
DA:8,1
DA:9,1
DA:10,1
DA:11,1
DA:12,1
DA:13,1
DA:14,1
DA:15,1
DA:16,1
DA:17,1
DA:18,1
DA:19,1
DA:20,1
DA:21,1
DA:22,1
DA:23,10
DA:24,10
DA:25,10
DA:26,1
DA:27,1
DA:28,1
DA:29,10
DA:30,10
DA:31,10
DA:32,1
DA:33,1
LF:33
LH:33
BRDA:22,0,0,10
BRDA:28,1,0,10
BRF:2
BRH:2
end_of_record
TN:
SF:src\domain\entities\Rankmark.ts
FN:21,Rankmark
FN:25,create
FNF:2
FNH:2
FNDA:21,Rankmark
FNDA:21,create
DA:1,1
DA:2,1
DA:3,1
DA:4,1
DA:5,1
DA:6,1
DA:7,1
DA:8,1
DA:9,1
DA:10,1
DA:11,1
DA:12,1
DA:13,1
DA:14,1
DA:15,1
DA:16,1
DA:17,1
DA:18,1
DA:19,1
DA:20,1
DA:21,1
DA:22,21
DA:23,1
DA:24,1
DA:25,1
DA:26,21
DA:27,21
DA:28,21
DA:29,21
DA:30,21
DA:31,21
DA:32,21
DA:33,21
DA:34,21
DA:35,21
DA:36,21
DA:37,1
DA:38,1
LF:38
LH:38
BRDA:21,0,0,21
BRDA:25,1,0,21
BRDA:29,2,0,0
BRDA:30,3,0,0
BRDA:31,4,0,0
BRF:5
BRH:2
end_of_record
TN:
SF:src\domain\entities\Subject.ts
FN:16,Subject
FN:20,create
FNF:2
FNH:2
FNDA:137,Subject
FNDA:137,create
DA:1,1
DA:2,1
DA:3,1
DA:4,1
DA:5,1
DA:6,1
DA:7,1
DA:8,1
DA:9,1
DA:10,1
DA:11,1
DA:12,1
DA:13,1
DA:14,1
DA:15,1
DA:16,1
DA:17,137
DA:18,1
DA:19,1
DA:20,1
DA:21,137
DA:22,137
DA:23,137
DA:24,137
DA:25,137
DA:26,137
DA:27,137
DA:28,137
DA:29,137
DA:30,137
DA:31,137
DA:32,1
DA:33,1
LF:33
LH:33
BRDA:16,0,0,137
BRDA:20,1,0,137
BRDA:24,2,0,1
BRDA:24,3,0,136
BRDA:25,4,0,1
BRDA:25,5,0,136
BRDA:26,6,0,1
BRDA:26,7,0,136
BRF:8
BRH:8
end_of_record
TN:
SF:src\domain\entities\User.ts
FN:20,User
FN:24,create
FNF:2
FNH:2
FNDA:157,User
FNDA:157,create
DA:1,1
DA:2,1
DA:3,21
DA:4,21
DA:5,21
DA:6,21
DA:7,1
DA:8,1
DA:9,1
DA:10,1
DA:11,1
DA:12,1
DA:13,1
DA:14,1
DA:15,1
DA:16,1
DA:17,1
DA:18,1
DA:19,1
DA:20,1
DA:21,157
DA:22,1
DA:23,1
DA:24,1
DA:25,157
DA:26,157
DA:27,157
DA:28,157
DA:29,157
DA:30,157
DA:31,157
DA:32,157
DA:33,157
DA:34,157
DA:35,1
DA:36,1
LF:36
LH:36
BRDA:3,0,0,21
BRDA:20,1,0,157
BRDA:24,2,0,157
BRDA:28,3,0,155
BRDA:28,4,0,2
BRDA:29,5,0,155
BRDA:29,6,0,2
BRDA:30,7,0,155
BRDA:30,8,0,2
BRF:9
BRH:9
end_of_record
TN:
SF:src\domain\entities\UserCredentials.ts
FN:15,UserCredentials
FN:22,create
FNF:2
FNH:2
FNDA:1,UserCredentials
FNDA:1,create
DA:1,1
DA:2,1
DA:3,1
DA:4,1
DA:5,1
DA:6,1
DA:7,1
DA:8,1
DA:9,1
DA:10,1
DA:11,1
DA:12,1
DA:13,1
DA:14,1
DA:15,1
DA:16,1
DA:17,1
DA:18,1
DA:19,1
DA:20,1
DA:21,1
DA:22,1
DA:23,1
DA:24,1
DA:25,1
DA:26,1
DA:27,1
LF:27
LH:27
BRDA:15,0,0,1
BRDA:22,1,0,1
BRF:2
BRH:2
end_of_record
TN:
SF:src\domain\entities\Interactions\Answer.ts
FN:18,Answer
FN:22,create
FNF:2
FNH:2
FNDA:5,Answer
FNDA:5,create
DA:1,1
DA:2,1
DA:3,1
DA:4,1
DA:5,1
DA:6,1
DA:7,1
DA:8,1
DA:9,1
DA:10,1
DA:11,1
DA:12,1
DA:13,1
DA:14,1
DA:15,1
DA:16,1
DA:17,1
DA:18,1
DA:19,5
DA:20,1
DA:21,1
DA:22,1
DA:23,5
DA:24,5
DA:25,5
DA:26,5
DA:27,5
DA:28,5
DA:29,5
DA:30,5
DA:31,5
DA:32,5
DA:33,1
DA:34,1
LF:34
LH:34
BRDA:18,0,0,5
BRDA:22,1,0,5
BRDA:26,2,0,0
BRDA:27,3,0,0
BRF:4
BRH:2
end_of_record
TN:
SF:src\domain\entities\Interactions\BaseInteraction.ts
FN:15,BaseInteraction
FNF:1
FNH:1
FNDA:20,BaseInteraction
DA:1,1
DA:2,1
DA:3,1
DA:4,1
DA:5,1
DA:6,1
DA:7,1
DA:8,1
DA:9,1
DA:10,1
DA:11,1
DA:12,1
DA:13,1
DA:14,1
DA:15,1
DA:16,20
DA:17,20
DA:18,20
DA:19,1
DA:20,1
LF:20
LH:20
BRDA:15,0,0,20
BRF:1
BRH:1
end_of_record
TN:
SF:src\domain\entities\Interactions\Question.ts
FN:25,Question
FN:29,create
FNF:2
FNH:2
FNDA:15,Question
FNDA:15,create
DA:1,1
DA:2,1
DA:3,1
DA:4,1
DA:5,1
DA:6,1
DA:7,1
DA:8,1
DA:9,1
DA:10,1
DA:11,1
DA:12,1
DA:13,1
DA:14,1
DA:15,1
DA:16,1
DA:17,1
DA:18,1
DA:19,1
DA:20,1
DA:21,1
DA:22,1
DA:23,1
DA:24,1
DA:25,1
DA:26,15
DA:27,1
DA:28,1
DA:29,1
DA:30,15
DA:31,15
DA:32,15
DA:33,15
DA:34,15
DA:35,15
DA:36,15
DA:37,15
DA:38,15
DA:39,15
DA:40,15
DA:41,15
DA:42,1
DA:43,1
LF:43
LH:43
BRDA:25,0,0,15
BRDA:29,1,0,15
BRDA:33,2,0,0
BRDA:34,3,0,0
BRDA:35,4,0,0
BRDA:36,5,0,0
BRF:6
BRH:2
end_of_record
TN:
SF:src\domain\factories\Answer\concrete-classes.ts
FN:14,BaseAnswer
FN:23,create
FNF:2
FNH:2
FNDA:5,BaseAnswer
FNDA:5,create
DA:1,1
DA:2,1
DA:3,1
DA:4,1
DA:5,1
DA:6,1
DA:7,1
DA:8,1
DA:9,1
DA:10,1
DA:11,1
DA:12,1
DA:13,1
DA:14,1
DA:15,5
DA:16,5
DA:17,5
DA:18,5
DA:19,5
DA:20,5
DA:21,1
DA:22,1
DA:23,1
DA:24,5
DA:25,5
DA:26,1
DA:27,1
LF:27
LH:27
BRDA:14,0,0,5
BRDA:23,1,0,5
BRF:2
BRH:2
end_of_record
TN:
SF:src\domain\factories\Answer\factory-class.ts
FN:13,create
FNF:1
FNH:1
FNDA:5,create
DA:1,1
DA:2,1
DA:3,1
DA:4,1
DA:5,1
DA:6,1
DA:7,1
DA:8,1
DA:9,1
DA:10,1
DA:11,1
DA:12,1
DA:13,1
DA:14,5
DA:15,1
DA:16,1
LF:16
LH:16
BRDA:13,0,0,5
BRF:1
BRH:1
end_of_record
TN:
SF:src\domain\factories\Content\concrete-classes.ts
FN:12,BaseContent
FN:21,create
FNF:2
FNH:2
FNDA:9,BaseContent
FNDA:9,create
DA:1,1
DA:2,1
DA:3,1
DA:4,1
DA:5,1
DA:6,1
DA:7,1
DA:8,1
DA:9,1
DA:10,1
DA:11,1
DA:12,1
DA:13,9
DA:14,9
DA:15,9
DA:16,9
DA:17,9
DA:18,9
DA:19,1
DA:20,1
DA:21,1
DA:22,9
DA:23,9
DA:24,9
DA:25,9
DA:26,1
DA:27,1
LF:27
LH:27
BRDA:12,0,0,9
BRDA:21,1,0,9
BRF:2
BRH:2
end_of_record
TN:
SF:src\domain\factories\Content\factory-class.ts
FN:11,create
FNF:1
FNH:1
FNDA:9,create
DA:1,1
DA:2,1
DA:3,1
DA:4,1
DA:5,1
DA:6,1
DA:7,1
DA:8,1
DA:9,1
DA:10,1
DA:11,1
DA:12,9
DA:13,1
DA:14,1
LF:14
LH:14
BRDA:11,0,0,9
BRF:1
BRH:1
end_of_record
TN:
SF:src\domain\factories\Question\concrete-classes.ts
FN:17,BaseQuestion
FN:28,create
FNF:2
FNH:2
FNDA:14,BaseQuestion
FNDA:14,create
DA:1,1
DA:2,1
DA:3,1
DA:4,1
DA:5,1
DA:6,1
DA:7,1
DA:8,1
DA:9,1
DA:10,1
DA:11,1
DA:12,1
DA:13,1
DA:14,1
DA:15,1
DA:16,1
DA:17,1
DA:18,14
DA:19,14
DA:20,14
DA:21,14
DA:22,14
DA:23,14
DA:24,14
DA:25,14
DA:26,1
DA:27,1
DA:28,1
DA:29,14
DA:30,14
DA:31,1
DA:32,1
LF:32
LH:32
BRDA:17,0,0,14
BRDA:28,1,0,14
BRF:2
BRH:2
end_of_record
TN:
SF:src\domain\factories\Question\factory-class.ts
FN:13,create
FNF:1
FNH:1
FNDA:14,create
DA:1,1
DA:2,1
DA:3,1
DA:4,1
DA:5,1
DA:6,1
DA:7,1
DA:8,1
DA:9,1
DA:10,1
DA:11,1
DA:12,1
DA:13,1
DA:14,14
DA:15,1
DA:16,1
LF:16
LH:16
BRDA:13,0,0,14
BRF:1
BRH:1
end_of_record
TN:
SF:src\domain\factories\Rankmark\concrete-classes.ts
FN:11,BaseRankmark
FN:20,create
FNF:2
FNH:2
FNDA:20,BaseRankmark
FNDA:20,create
DA:1,1
DA:2,1
DA:3,1
DA:4,1
DA:5,1
DA:6,1
DA:7,1
DA:8,1
DA:9,1
DA:10,1
DA:11,1
DA:12,20
DA:13,20
DA:14,20
DA:15,20
DA:16,20
DA:17,20
DA:18,1
DA:19,1
DA:20,1
DA:21,20
DA:22,20
DA:23,1
DA:24,1
LF:24
LH:24
BRDA:11,0,0,20
BRDA:20,1,0,20
BRF:2
BRH:2
end_of_record
TN:
SF:src\domain\factories\Rankmark\factory-class.ts
FN:10,create
FNF:1
FNH:1
FNDA:20,create
DA:1,1
DA:2,1
DA:3,1
DA:4,1
DA:5,1
DA:6,1
DA:7,1
DA:8,1
DA:9,1
DA:10,1
DA:11,20
DA:12,1
DA:13,1
LF:13
LH:13
BRDA:10,0,0,20
BRF:1
BRH:1
end_of_record
TN:
SF:src\domain\factories\Subject\concrete-classes.ts
FN:9,BaseSubject
FN:16,create
FNF:2
FNH:1
FNDA:0,BaseSubject
FNDA:133,create
DA:1,1
DA:2,1
DA:3,1
DA:4,1
DA:5,1
DA:6,1
DA:7,1
DA:8,1
DA:9,1
DA:10,0
DA:11,0
DA:12,0
DA:13,0
DA:14,1
DA:15,1
DA:16,1
DA:17,133
DA:18,133
DA:19,1
DA:20,1
LF:20
LH:16
BRDA:16,0,0,133
BRF:1
BRH:1
end_of_record
TN:
SF:src\domain\factories\Subject\factory-class.ts
FN:10,create
FNF:1
FNH:1
FNDA:133,create
DA:1,1
DA:2,1
DA:3,1
DA:4,1
DA:5,1
DA:6,1
DA:7,1
DA:8,1
DA:9,1
DA:10,1
DA:11,133
DA:12,1
DA:13,1
LF:13
LH:13
BRDA:10,0,0,133
BRF:1
BRH:1
end_of_record
TN:
SF:src\domain\factories\User\concrete-classes.ts
FN:13,BaseUser
FN:24,create
FN:41,AdminUser
FN:52,create
FNF:4
FNH:4
FNDA:77,BaseUser
FNDA:77,create
FNDA:78,AdminUser
FNDA:78,create
DA:1,1
DA:2,1
DA:3,1
DA:4,1
DA:5,1
DA:6,1
DA:7,1
DA:8,1
DA:9,1
DA:10,1
DA:11,1
DA:12,1
DA:13,1
DA:14,77
DA:15,77
DA:16,77
DA:17,77
DA:18,77
DA:19,77
DA:20,77
DA:21,77
DA:22,1
DA:23,1
DA:24,1
DA:25,77
DA:26,77
DA:27,1
DA:28,1
DA:29,1
DA:30,1
DA:31,1
DA:32,1
DA:33,1
DA:34,1
DA:35,1
DA:36,1
DA:37,1
DA:38,1
DA:39,1
DA:40,1
DA:41,1
DA:42,78
DA:43,78
DA:44,78
DA:45,78
DA:46,78
DA:47,78
DA:48,78
DA:49,78
DA:50,1
DA:51,1
DA:52,1
DA:53,78
DA:54,78
DA:55,1
DA:56,1
LF:56
LH:56
BRDA:13,0,0,77
BRDA:24,1,0,77
BRDA:41,2,0,78
BRDA:52,3,0,78
BRF:4
BRH:4
end_of_record
TN:
SF:src\domain\factories\User\factory-class.ts
FN:15,create
FNF:1
FNH:1
FNDA:155,create
DA:1,1
DA:2,1
DA:3,1
DA:4,1
DA:5,1
DA:6,1
DA:7,1
DA:8,1
DA:9,1
DA:10,1
DA:11,1
DA:12,1
DA:13,1
DA:14,1
DA:15,1
DA:16,155
DA:17,1
DA:18,1
LF:18
LH:18
BRDA:15,0,0,155
BRF:1
BRH:1
end_of_record
TN:
SF:src\tests\generate-random-answer.ts
FN:30,generateRandomAnswer
FNF:1
FNH:1
FNDA:3,generateRandomAnswer
DA:1,1
DA:2,1
DA:3,1
DA:4,1
DA:5,1
DA:6,1
DA:7,1
DA:8,1
DA:9,1
DA:10,1
DA:11,1
DA:12,1
DA:13,1
DA:14,1
DA:15,1
DA:16,1
DA:17,1
DA:18,1
DA:19,1
DA:20,1
DA:21,1
DA:22,1
DA:23,1
DA:24,1
DA:25,1
DA:26,1
DA:27,1
DA:28,1
DA:29,1
DA:30,1
DA:31,3
DA:32,3
DA:33,3
DA:34,3
DA:35,3
LF:35
LH:35
BRDA:30,0,0,3
BRF:1
BRH:1
end_of_record
TN:
SF:src\tests\generate-random-contents.ts
FN:30,generateRandomContent
FNF:1
FNH:1
FNDA:3,generateRandomContent
DA:1,1
DA:2,1
DA:3,1
DA:4,1
DA:5,1
DA:6,1
DA:7,1
DA:8,1
DA:9,1
DA:10,1
DA:11,1
DA:12,1
DA:13,1
DA:14,1
DA:15,1
DA:16,1
DA:17,1
DA:18,1
DA:19,1
DA:20,1
DA:21,1
DA:22,1
DA:23,1
DA:24,1
DA:25,1
DA:26,1
DA:27,1
DA:28,1
DA:29,1
DA:30,1
DA:31,3
DA:32,3
DA:33,3
DA:34,3
DA:35,3
LF:35
LH:35
BRDA:30,0,0,3
BRF:1
BRH:1
end_of_record
TN:
SF:src\tests\generate-random-question.ts
FN:31,generateRandomQuestion
FNF:1
FNH:1
FNDA:11,generateRandomQuestion
DA:1,1
DA:2,1
DA:3,1
DA:4,1
DA:5,1
DA:6,1
DA:7,1
DA:8,1
DA:9,1
DA:10,1
DA:11,1
DA:12,1
DA:13,1
DA:14,1
DA:15,1
DA:16,1
DA:17,1
DA:18,1
DA:19,1
DA:20,1
DA:21,1
DA:22,1
DA:23,1
DA:24,1
DA:25,1
DA:26,1
DA:27,1
DA:28,1
DA:29,1
DA:30,1
DA:31,1
DA:32,11
DA:33,11
DA:34,11
DA:35,11
DA:36,11
LF:36
LH:36
BRDA:31,0,0,11
BRF:1
BRH:1
end_of_record
TN:
SF:src\tests\generate-random-rankmark.ts
FN:23,generateRandomRankmark
FNF:1
FNH:1
FNDA:4,generateRandomRankmark
DA:1,1
DA:2,1
DA:3,1
DA:4,1
DA:5,1
DA:6,1
DA:7,1
DA:8,1
DA:9,1
DA:10,1
DA:11,1
DA:12,1
DA:13,1
DA:14,1
DA:15,1
DA:16,1
DA:17,1
DA:18,1
DA:19,1
DA:20,1
DA:21,1
DA:22,1
DA:23,1
DA:24,4
DA:25,4
DA:26,4
DA:27,4
LF:27
LH:27
BRDA:23,0,0,4
BRF:1
BRH:1
end_of_record
TN:
SF:src\tests\generate-random-subject.ts
FN:23,generateRandomSubject
FNF:1
FNH:1
FNDA:32,generateRandomSubject
DA:1,1
DA:2,1
DA:3,1
DA:4,1
DA:5,1
DA:6,1
DA:7,1
DA:8,1
DA:9,1
DA:10,1
DA:11,1
DA:12,1
DA:13,1
DA:14,1
DA:15,1
DA:16,1
DA:17,1
DA:18,1
DA:19,1
DA:20,1
DA:21,1
DA:22,1
DA:23,1
DA:24,32
DA:25,32
DA:26,32
DA:27,32
LF:27
LH:27
BRDA:23,0,0,32
BRF:1
BRH:1
end_of_record
TN:
SF:src\tests\generate-random-user.ts
FN:28,generateRandomUser
FNF:1
FNH:1
FNDA:25,generateRandomUser
DA:1,1
DA:2,1
DA:3,1
DA:4,1
DA:5,1
DA:6,1
DA:7,1
DA:8,1
DA:9,1
DA:10,1
DA:11,1
DA:12,1
DA:13,1
DA:14,1
DA:15,1
DA:16,1
DA:17,1
DA:18,1
DA:19,1
DA:20,1
DA:21,1
DA:22,1
DA:23,1
DA:24,1
DA:25,1
DA:26,1
DA:27,1
DA:28,1
DA:29,25
DA:30,25
DA:31,25
DA:32,25
LF:32
LH:32
BRDA:28,0,0,25
BRF:1
BRH:1
end_of_record
TN:
SF:src\tests\repositories\Answer\in-memory-answer-repository.ts
FN:5,InMemoryAnswerRepository
FN:10,create
FN:17,update
FN:26,findById
FN:36,list
FNF:5
FNH:5
FNDA:3,InMemoryAnswerRepository
FNDA:1,create
FNDA:1,update
FNDA:3,findById
FNDA:1,list
DA:1,1
DA:2,1
DA:3,1
DA:4,1
DA:5,3
DA:6,3
DA:7,3
DA:8,3
DA:9,3
DA:10,3
DA:11,1
DA:12,1
DA:13,1
DA:14,1
DA:15,1
DA:16,3
DA:17,3
DA:18,1
DA:19,1
DA:20,1
DA:21,1
DA:22,1
DA:23,1
DA:24,1
DA:25,3
DA:26,3
DA:27,3
DA:28,3
DA:29,3
DA:30,1
DA:31,1
DA:32,2
DA:33,2
DA:34,3
DA:35,3
DA:36,3
DA:37,1
DA:38,3
DA:39,3
DA:40,3
LF:40
LH:40
BRDA:5,0,0,3
BRDA:10,1,0,1
BRDA:17,2,0,1
BRDA:19,3,0,1
BRDA:26,4,0,3
BRDA:29,5,0,1
BRDA:31,6,0,2
BRDA:27,7,0,3
BRDA:36,8,0,1
BRF:9
BRH:9
end_of_record
TN:
SF:src\tests\repositories\Content\in-memory-content-repository.ts
FN:6,InMemoryContentRepository
FN:10,create
FN:17,update
FN:25,findById
FN:36,list
FNF:5
FNH:5
FNDA:3,InMemoryContentRepository
FNDA:1,create
FNDA:2,update
FNDA:4,findById
FNDA:1,list
DA:1,1
DA:2,1
DA:3,1
DA:4,1
DA:5,1
DA:6,3
DA:7,3
DA:8,3
DA:9,3
DA:10,3
DA:11,1
DA:12,1
DA:13,1
DA:14,1
DA:15,1
DA:16,3
DA:17,3
DA:18,2
DA:19,2
DA:20,2
DA:21,2
DA:22,2
DA:23,2
DA:24,3
DA:25,3
DA:26,4
DA:27,4
DA:28,4
DA:29,4
DA:30,1
DA:31,1
DA:32,3
DA:33,3
DA:34,4
DA:35,3
DA:36,3
DA:37,1
DA:38,1
DA:39,3
DA:40,1
LF:40
LH:40
BRDA:6,0,0,3
BRDA:10,1,0,1
BRDA:17,2,0,2
BRDA:18,3,0,2
BRDA:25,4,0,4
BRDA:29,5,0,1
BRDA:31,6,0,3
BRDA:27,7,0,4
BRDA:36,8,0,1
BRF:9
BRH:9
end_of_record
TN:
SF:src\tests\repositories\Question\in-memory-question-repository.ts
FN:5,InMemoryQuestionRepository
FN:10,create
FN:16,update
FN:25,findById
FN:36,list
FNF:5
FNH:5
FNDA:9,InMemoryQuestionRepository
FNDA:1,create
FNDA:3,update
FNDA:14,findById
FNDA:1,list
DA:1,1
DA:2,1
DA:3,1
DA:4,1
DA:5,9
DA:6,9
DA:7,9
DA:8,9
DA:9,9
DA:10,9
DA:11,1
DA:12,1
DA:13,1
DA:14,1
DA:15,9
DA:16,9
DA:17,3
DA:18,3
DA:19,3
DA:20,3
DA:21,3
DA:22,3
DA:23,3
DA:24,9
DA:25,9
DA:26,14
DA:27,14
DA:28,14
DA:29,14
DA:30,5
DA:31,5
DA:32,9
DA:33,9
DA:34,14
DA:35,9
DA:36,9
DA:37,1
DA:38,1
DA:39,1
LF:39
LH:39
BRDA:5,0,0,9
BRDA:10,1,0,1
BRDA:16,2,0,3
BRDA:18,3,0,3
BRDA:25,4,0,14
BRDA:29,5,0,12
BRDA:29,6,0,5
BRDA:31,7,0,9
BRDA:27,8,0,14
BRDA:36,9,0,1
BRF:10
BRH:10
end_of_record
TN:
SF:src\tests\repositories\Rank\in-memory-rank-repository.ts
FN:8,InMemoryRankRepository
FN:12,generateUserRanks
FN:28,generateSubjectRanks
FN:44,listRanksBySubject
FN:50,updateUserPoints
FNF:5
FNH:5
FNDA:4,InMemoryRankRepository
FNDA:1,generateUserRanks
FNDA:1,generateSubjectRanks
FNDA:1,listRanksBySubject
FNDA:1,updateUserPoints
DA:1,1
DA:2,1
DA:3,1
DA:4,1
DA:5,1
DA:6,1
DA:7,1
DA:8,4
DA:9,4
DA:10,4
DA:11,4
DA:12,4
DA:13,1
DA:14,1
DA:15,2
DA:16,2
DA:17,2
DA:18,2
DA:19,2
DA:20,2
DA:21,2
DA:22,2
DA:23,1
DA:24,1
DA:25,1
DA:26,1
DA:27,4
DA:28,4
DA:29,1
DA:30,1
DA:31,2
DA:32,2
DA:33,2
DA:34,2
DA:35,2
DA:36,2
DA:37,2
DA:38,2
DA:39,1
DA:40,1
DA:41,1
DA:42,1
DA:43,4
DA:44,4
DA:45,1
DA:46,1
DA:47,1
DA:48,1
DA:49,4
DA:50,4
DA:51,1
DA:52,1
DA:53,1
DA:54,1
DA:55,0
DA:56,0
DA:57,1
DA:58,1
DA:59,1
DA:60,1
DA:61,1
DA:62,4
DA:63,1
LF:63
LH:61
BRDA:8,0,0,4
BRDA:12,1,0,1
BRDA:14,2,0,2
BRDA:28,3,0,1
BRDA:30,4,0,2
BRDA:44,5,0,1
BRDA:45,6,0,4
BRDA:50,7,0,1
BRDA:54,8,0,0
BRDA:52,9,0,1
BRF:10
BRH:9
end_of_record
TN:
SF:src\tests\repositories\Rankmark\in-memory-rankmark-repository.ts
FN:5,InMemoryRankmarkRepository
FN:9,create
FN:16,update
FN:25,findByName
FN:35,findById
FN:46,list
FNF:6
FNH:6
FNDA:3,InMemoryRankmarkRepository
FNDA:1,create
FNDA:1,update
FNDA:2,findByName
FNDA:2,findById
FNDA:1,list
DA:1,1
DA:2,1
DA:3,1
DA:4,1
DA:5,3
DA:6,3
DA:7,3
DA:8,3
DA:9,3
DA:10,1
DA:11,1
DA:12,1
DA:13,1
DA:14,1
DA:15,3
DA:16,3
DA:17,1
DA:18,1
DA:19,1
DA:20,1
DA:21,1
DA:22,1
DA:23,1
DA:24,3
DA:25,3
DA:26,2
DA:27,2
DA:28,2
DA:29,1
DA:30,1
DA:31,1
DA:32,1
DA:33,2
DA:34,3
DA:35,3
DA:36,2
DA:37,2
DA:38,2
DA:39,2
DA:40,1
DA:41,1
DA:42,1
DA:43,1
DA:44,2
DA:45,3
DA:46,3
DA:47,1
DA:48,1
DA:49,3
DA:50,1
LF:50
LH:50
BRDA:5,0,0,3
BRDA:9,1,0,1
BRDA:16,2,0,1
BRDA:18,3,0,1
BRDA:25,4,0,2
BRDA:28,5,0,1
BRDA:26,6,0,2
BRDA:35,7,0,2
BRDA:39,8,0,1
BRDA:37,9,0,2
BRDA:46,10,0,1
BRF:11
BRH:11
end_of_record
TN:
SF:src\tests\repositories\Subject\in-memory-subject-repo.ts
FN:5,InMemorySubjectRepo
FN:9,create
FN:16,update
FN:26,findById
FN:36,findByName
FN:47,list
FNF:6
FNH:6
FNDA:14,InMemorySubjectRepo
FNDA:2,create
FNDA:1,update
FNDA:19,findById
FNDA:2,findByName
FNDA:2,list
DA:1,1
DA:2,1
DA:3,1
DA:4,1
DA:5,14
DA:6,14
DA:7,14
DA:8,14
DA:9,14
DA:10,2
DA:11,2
DA:12,2
DA:13,2
DA:14,2
DA:15,14
DA:16,14
DA:17,1
DA:18,1
DA:19,1
DA:20,1
DA:21,1
DA:22,1
DA:23,1
DA:24,14
DA:25,14
DA:26,14
DA:27,19
DA:28,19
DA:29,19
DA:30,9
DA:31,9
DA:32,10
DA:33,10
DA:34,19
DA:35,14
DA:36,14
DA:37,2
DA:38,2
DA:39,2
DA:40,2
DA:41,1
DA:42,1
DA:43,1
DA:44,1
DA:45,14
DA:46,14
DA:47,14
DA:48,2
DA:49,2
DA:50,14
DA:51,1
LF:51
LH:51
BRDA:5,0,0,14
BRDA:9,1,0,2
BRDA:16,2,0,1
BRDA:18,3,0,1
BRDA:26,4,0,19
BRDA:29,5,0,11
BRDA:29,6,0,9
BRDA:31,7,0,10
BRDA:27,8,0,22
BRDA:36,9,0,2
BRDA:40,10,0,1
BRDA:38,11,0,2
BRDA:47,12,0,2
BRF:13
BRH:13
end_of_record
TN:
SF:src\tests\repositories\User\in-memory-user-repo.ts
FN:5,InMemoryUserRepository
FN:9,create
FN:16,update
FN:25,findById
FN:36,findByEmail
FN:47,list
FNF:6
FNH:6
FNDA:10,InMemoryUserRepository
FNDA:1,create
FNDA:1,update
FNDA:15,findById
FNDA:7,findByEmail
FNDA:2,list
DA:1,1
DA:2,1
DA:3,1
DA:4,1
DA:5,10
DA:6,10
DA:7,10
DA:8,10
DA:9,10
DA:10,1
DA:11,1
DA:12,1
DA:13,1
DA:14,10
DA:15,10
DA:16,10
DA:17,1
DA:18,1
DA:19,1
DA:20,1
DA:21,1
DA:22,1
DA:23,1
DA:24,10
DA:25,10
DA:26,15
DA:27,15
DA:28,15
DA:29,15
DA:30,6
DA:31,6
DA:32,9
DA:33,9
DA:34,15
DA:35,10
DA:36,10
DA:37,7
DA:38,7
DA:39,7
DA:40,7
DA:41,4
DA:42,4
DA:43,3
DA:44,3
DA:45,7
DA:46,10
DA:47,10
DA:48,2
DA:49,2
DA:50,10
DA:51,1
LF:51
LH:51
BRDA:5,0,0,10
BRDA:9,1,0,1
BRDA:16,2,0,1
BRDA:18,3,0,1
BRDA:25,4,0,15
BRDA:29,5,0,12
BRDA:29,6,0,6
BRDA:31,7,0,9
BRDA:27,8,0,16
BRDA:36,9,0,7
BRDA:40,10,0,4
BRDA:42,11,0,3
BRDA:38,12,0,7
BRDA:47,13,0,2
BRF:14
BRH:14
end_of_record
TN:
SF:src\utils\email\email-validator.ts
FN:4,validate
FNF:1
FNH:1
FNDA:7,validate
DA:1,1
DA:2,1
DA:3,1
DA:4,1
DA:5,7
DA:6,7
DA:7,3
DA:8,3
DA:9,4
DA:10,4
DA:11,7
DA:12,1
LF:12
LH:12
BRDA:4,0,0,7
BRDA:6,1,0,3
BRDA:8,2,0,4
BRF:3
BRH:3
end_of_record
TN:
SF:src\utils\object-methods\partial-update-object.ts
FN:7,partialUpdateObject
FNF:1
FNH:1
FNDA:8,partialUpdateObject
DA:1,1
DA:2,1
DA:3,1
DA:4,1
DA:5,1
DA:6,1
DA:7,8
DA:8,8
DA:9,8
LF:9
LH:9
BRDA:7,0,0,8
BRF:1
BRH:1
end_of_record
TN:
SF:src\utils\object-methods\remove-undefined-props.ts
FN:5,removeUndefinedProps
FNF:1
FNH:1
FNDA:11,removeUndefinedProps
DA:1,1
DA:2,1
DA:3,1
DA:4,1
DA:5,11
DA:6,11
DA:7,11
DA:8,11
DA:9,36
DA:10,36
DA:11,11
DA:12,11
DA:13,11
DA:14,11
LF:14
LH:14
BRDA:5,0,0,11
BRDA:8,1,0,36
BRDA:10,2,0,27
BRDA:10,3,0,24
BRF:4
BRH:4
end_of_record
TN:
SF:src\utils\password\password-validator.ts
FN:3,PasswordValidator
FN:10,validate
FNF:2
FNH:2
FNDA:2,PasswordValidator
FNDA:8,validate
DA:1,1
DA:2,1
DA:3,2
DA:4,2
DA:5,2
DA:6,2
DA:7,2
DA:8,2
DA:9,2
DA:10,2
DA:11,8
DA:12,8
DA:13,2
DA:14,2
DA:15,6
DA:16,6
DA:17,8
DA:18,1
LF:18
LH:18
BRDA:3,0,0,2
BRDA:10,1,0,8
BRDA:12,2,0,7
BRDA:12,3,0,2
BRDA:14,4,0,6
BRF:5
BRH:5
end_of_record
TN:
SF:src\utils\prisma-filters\errors\Result.ts
FN:7,Result
FN:25,getValue
FN:33,ok
FN:37,fail
FN:41,combine
FNF:5
FNH:4
FNDA:17,Result
FNDA:10,getValue
FNDA:10,ok
FNDA:7,fail
FNDA:0,combine
DA:1,1
DA:2,1
DA:3,1
DA:4,1
DA:5,1
DA:6,1
DA:7,1
DA:8,17
DA:9,0
DA:10,0
DA:11,0
DA:12,17
DA:13,0
DA:14,0
DA:15,0
DA:16,17
DA:17,17
DA:18,17
DA:19,17
DA:20,17
DA:21,17
DA:22,17
DA:23,17
DA:24,1
DA:25,1
DA:26,10
DA:27,0
DA:28,0
DA:29,10
DA:30,10
DA:31,10
DA:32,1
DA:33,1
DA:34,10
DA:35,10
DA:36,1
DA:37,1
DA:38,7
DA:39,7
DA:40,1
DA:41,1
DA:42,0
DA:43,0
DA:44,0
DA:45,0
DA:46,0
DA:47,1
LF:47
LH:34
BRDA:7,0,0,17
BRDA:8,1,0,10
BRDA:8,2,0,0
BRDA:12,3,0,7
BRDA:12,4,0,0
BRDA:25,5,0,10
BRDA:26,6,0,0
BRDA:33,7,0,10
BRDA:37,8,0,7
BRF:9
BRH:6
end_of_record
TN:
SF:src\utils\prisma-filters\extract-filter-and-value\extract-filter-and-value.ts
FN:14,extractFilterAndValue
FNF:1
FNH:1
FNDA:8,extractFilterAndValue
DA:1,1
DA:2,1
DA:3,1
DA:4,1
DA:5,1
DA:6,1
DA:7,1
DA:8,1
DA:9,1
DA:10,1
DA:11,1
DA:12,1
DA:13,1
DA:14,8
DA:15,8
DA:16,8
DA:17,3
DA:18,3
DA:19,5
DA:20,5
DA:21,5
DA:22,5
DA:23,8
DA:24,3
DA:25,3
DA:26,3
LF:26
LH:26
BRDA:14,0,0,8
BRDA:16,1,0,7
BRDA:16,2,0,7
BRDA:16,3,0,3
BRDA:19,4,0,5
BRDA:23,5,0,4
BRDA:23,6,0,4
BRDA:23,7,0,2
BRDA:24,8,0,3
BRF:9
BRH:9
end_of_record
TN:
SF:src\utils\prisma-filters\field-normalizer\index.ts
FN:7,basicNormalizer
FN:19,getNormalizerType
FN:33,fieldNormalizer
FNF:3
FNH:3
FNDA:1,basicNormalizer
FNDA:1,getNormalizerType
FNDA:1,fieldNormalizer
DA:1,1
DA:2,1
DA:3,1
DA:4,1
DA:5,1
DA:6,1
DA:7,1
DA:8,1
DA:9,1
DA:10,1
DA:11,1
DA:12,1
DA:13,1
DA:14,1
DA:15,1
DA:16,1
DA:17,1
DA:18,1
DA:19,1
DA:20,1
DA:21,1
DA:22,1
DA:23,1
DA:24,1
DA:25,1
DA:26,1
DA:27,1
DA:28,1
DA:29,1
DA:30,1
DA:31,1
DA:32,1
DA:33,1
DA:34,1
DA:35,1
DA:36,1
DA:37,1
DA:38,1
DA:39,1
DA:40,1
DA:41,1
DA:42,1
DA:43,1
DA:44,0
DA:45,0
DA:46,1
DA:47,1
DA:48,1
DA:49,1
DA:50,1
DA:51,1
LF:51
LH:49
BRDA:7,0,0,1
BRDA:19,1,0,1
BRDA:20,2,0,0
BRDA:21,3,0,0
BRDA:22,4,0,0
BRDA:23,5,0,0
BRDA:33,6,0,1
BRDA:37,7,0,0
BRDA:43,8,0,0
BRF:9
BRH:3
end_of_record
TN:
SF:src\utils\prisma-filters\normalizers\boolean-normalizer\index.ts
FN:8,booleanNormalizer
FNF:1
FNH:1
FNDA:2,booleanNormalizer
DA:1,1
DA:2,1
DA:3,1
DA:4,1
DA:5,1
DA:6,1
DA:7,1
DA:8,2
DA:9,2
DA:10,2
LF:10
LH:10
BRDA:8,0,0,2
BRF:1
BRH:1
end_of_record
TN:
SF:src\utils\prisma-filters\normalizers\date-normalizer\index.ts
FN:5,dateNormalizer
FNF:1
FNH:0
FNDA:0,dateNormalizer
DA:1,1
DA:2,1
DA:3,1
DA:4,1
DA:5,0
DA:6,0
DA:7,0
LF:7
LH:4
BRF:0
BRH:0
end_of_record
TN:
SF:src\utils\prisma-filters\normalizers\filter-normalizer\index.ts
FN:17,filterNormalizer
FNF:1
FNH:1
FNDA:2,filterNormalizer
DA:1,1
DA:2,1
DA:3,1
DA:4,1
DA:5,1
DA:6,1
DA:7,1
DA:8,1
DA:9,1
DA:10,1
DA:11,1
DA:12,1
DA:13,1
DA:14,1
DA:15,1
DA:16,1
DA:17,2
DA:18,2
DA:19,2
DA:20,2
DA:21,2
DA:22,1
DA:23,1
DA:24,1
DA:25,1
DA:26,1
LF:26
LH:26
BRDA:17,0,0,2
BRDA:21,1,0,1
BRF:2
BRH:2
end_of_record
TN:
SF:src\utils\prisma-filters\normalizers\like-normalizer\index.ts
FN:13,likeNormalizer
FNF:1
FNH:1
FNDA:4,likeNormalizer
DA:1,1
DA:2,1
DA:3,1
DA:4,1
DA:5,1
DA:6,1
DA:7,1
DA:8,1
DA:9,1
DA:10,1
DA:11,1
DA:12,1
DA:13,4
DA:14,4
DA:15,4
DA:16,4
DA:17,4
DA:18,4
DA:19,4
DA:20,4
DA:21,4
DA:22,1
DA:23,1
DA:24,1
LF:24
LH:24
BRDA:13,0,0,4
BRDA:19,1,0,2
BRDA:19,2,0,1
BRDA:20,3,0,3
BRDA:20,4,0,2
BRDA:20,5,0,1
BRDA:21,6,0,2
BRDA:21,7,0,1
BRDA:21,8,0,1
BRF:9
BRH:9
end_of_record
TN:
SF:src\utils\random-number\random-number-max.ts
FN:6,getRandomNumberMax
FNF:1
FNH:1
FNDA:83,getRandomNumberMax
DA:1,1
DA:2,1
DA:3,1
DA:4,1
DA:5,1
DA:6,83
DA:7,83
DA:8,83
DA:9,83
DA:10,83
LF:10
LH:10
BRDA:6,0,0,83
BRF:1
BRH:1
end_of_record
